# JRE version: OpenJDK Runtime Environment (8.0_202-b03) (build 1.8.0_202-release-1483-b03)
# Java VM: OpenJDK 64-Bit Server VM (25.202-b03 mixed mode windows-amd64 compressed oops)
Heap:
 PSYoungGen      total 122368K, used 51786K [0x00000000e0000000, 0x00000000e8780000, 0x0000000100000000)
  eden space 112640K, 37% used [0x00000000e0000000,0x00000000e296b698,0x00000000e6e00000)
  from space 9728K, 96% used [0x00000000e7e00000,0x00000000e8727338,0x00000000e8780000)
  to   space 11264K, 0% used [0x00000000e7180000,0x00000000e7180000,0x00000000e7c80000)
 ParOldGen       total 97280K, used 14780K [0x00000000a0000000, 0x00000000a5f00000, 0x00000000e0000000)
  object space 97280K, 15% used [0x00000000a0000000,0x00000000a0e6f338,0x00000000a5f00000)
 Metaspace       used 44256K, capacity 45436K, committed 45696K, reserved 1089536K
  class space    used 5768K, capacity 6015K, committed 6016K, reserved 1048576K
GC Heap History (10 events):
Event: 18.070 GC heap before
{Heap before GC invocations=12 (full 1):
 PSYoungGen      total 76800K, used 70972K [0x00000000e0000000, 0x00000000e5500000, 0x0000000100000000)
  eden space 67584K, 100% used [0x00000000e0000000,0x00000000e4200000,0x00000000e4200000)
  from space 9216K, 36% used [0x00000000e4b80000,0x00000000e4ecf2d8,0x00000000e5480000)
  to   space 9728K, 0% used [0x00000000e4200000,0x00000000e4200000,0x00000000e4b80000)
 ParOldGen       total 64000K, used 13737K [0x00000000a0000000, 0x00000000a3e80000, 0x00000000e0000000)
  object space 64000K, 21% used [0x00000000a0000000,0x00000000a0d6a6f0,0x00000000a3e80000)
 Metaspace       used 33768K, capacity 34340K, committed 34560K, reserved 1079296K
  class space    used 4541K, capacity 4760K, committed 4864K, reserved 1048576K
Event: 18.078 GC heap after
Heap after GC invocations=12 (full 1):
 PSYoungGen      total 77312K, used 2294K [0x00000000e0000000, 0x00000000e6a80000, 0x0000000100000000)
  eden space 67584K, 0% used [0x00000000e0000000,0x00000000e0000000,0x00000000e4200000)
  from space 9728K, 23% used [0x00000000e4200000,0x00000000e443dba8,0x00000000e4b80000)
  to   space 9728K, 0% used [0x00000000e6100000,0x00000000e6100000,0x00000000e6a80000)
 ParOldGen       total 64000K, used 16609K [0x00000000a0000000, 0x00000000a3e80000, 0x00000000e0000000)
  object space 64000K, 25% used [0x00000000a0000000,0x00000000a10387e0,0x00000000a3e80000)
 Metaspace       used 33768K, capacity 34340K, committed 34560K, reserved 1079296K
  class space    used 4541K, capacity 4760K, committed 4864K, reserved 1048576K
}
Event: 18.700 GC heap before
{Heap before GC invocations=13 (full 1):
 PSYoungGen      total 77312K, used 69878K [0x00000000e0000000, 0x00000000e6a80000, 0x0000000100000000)
  eden space 67584K, 100% used [0x00000000e0000000,0x00000000e4200000,0x00000000e4200000)
  from space 9728K, 23% used [0x00000000e4200000,0x00000000e443dba8,0x00000000e4b80000)
  to   space 9728K, 0% used [0x00000000e6100000,0x00000000e6100000,0x00000000e6a80000)
 ParOldGen       total 64000K, used 16609K [0x00000000a0000000, 0x00000000a3e80000, 0x00000000e0000000)
  object space 64000K, 25% used [0x00000000a0000000,0x00000000a10387e0,0x00000000a3e80000)
 Metaspace       used 33768K, capacity 34340K, committed 34560K, reserved 1079296K
  class space    used 4541K, capacity 4760K, committed 4864K, reserved 1048576K
Event: 18.705 GC heap after
Heap after GC invocations=13 (full 1):
 PSYoungGen      total 99328K, used 2322K [0x00000000e0000000, 0x00000000e6b00000, 0x0000000100000000)
  eden space 89600K, 0% used [0x00000000e0000000,0x00000000e0000000,0x00000000e5780000)
  from space 9728K, 23% used [0x00000000e6100000,0x00000000e6344970,0x00000000e6a80000)
  to   space 9728K, 0% used [0x00000000e5780000,0x00000000e5780000,0x00000000e6100000)
 ParOldGen       total 64000K, used 18729K [0x00000000a0000000, 0x00000000a3e80000, 0x00000000e0000000)
  object space 64000K, 29% used [0x00000000a0000000,0x00000000a124a7e0,0x00000000a3e80000)
 Metaspace       used 33768K, capacity 34340K, committed 34560K, reserved 1079296K
  class space    used 4541K, capacity 4760K, committed 4864K, reserved 1048576K
}
Event: 19.498 GC heap before
{Heap before GC invocations=14 (full 1):
 PSYoungGen      total 99328K, used 44473K [0x00000000e0000000, 0x00000000e6b00000, 0x0000000100000000)
  eden space 89600K, 47% used [0x00000000e0000000,0x00000000e2929c10,0x00000000e5780000)
  from space 9728K, 23% used [0x00000000e6100000,0x00000000e6344970,0x00000000e6a80000)
  to   space 9728K, 0% used [0x00000000e5780000,0x00000000e5780000,0x00000000e6100000)
 ParOldGen       total 64000K, used 18729K [0x00000000a0000000, 0x00000000a3e80000, 0x00000000e0000000)
  object space 64000K, 29% used [0x00000000a0000000,0x00000000a124a7e0,0x00000000a3e80000)
 Metaspace       used 34645K, capacity 35288K, committed 35456K, reserved 1079296K
  class space    used 4663K, capacity 4903K, committed 4992K, reserved 1048576K
Event: 19.504 GC heap after
Heap after GC invocations=14 (full 1):
 PSYoungGen      total 99328K, used 2192K [0x00000000e0000000, 0x00000000e8800000, 0x0000000100000000)
  eden space 89600K, 0% used [0x00000000e0000000,0x00000000e0000000,0x00000000e5780000)
  from space 9728K, 22% used [0x00000000e5780000,0x00000000e59a40e8,0x00000000e6100000)
  to   space 10240K, 0% used [0x00000000e7e00000,0x00000000e7e00000,0x00000000e8800000)
 ParOldGen       total 64000K, used 20980K [0x00000000a0000000, 0x00000000a3e80000, 0x00000000e0000000)
  object space 64000K, 32% used [0x00000000a0000000,0x00000000a147d150,0x00000000a3e80000)
 Metaspace       used 34645K, capacity 35288K, committed 35456K, reserved 1079296K
  class space    used 4663K, capacity 4903K, committed 4992K, reserved 1048576K
}
Event: 19.504 GC heap before
{Heap before GC invocations=15 (full 2):
 PSYoungGen      total 99328K, used 2192K [0x00000000e0000000, 0x00000000e8800000, 0x0000000100000000)
  eden space 89600K, 0% used [0x00000000e0000000,0x00000000e0000000,0x00000000e5780000)
  from space 9728K, 22% used [0x00000000e5780000,0x00000000e59a40e8,0x00000000e6100000)
  to   space 10240K, 0% used [0x00000000e7e00000,0x00000000e7e00000,0x00000000e8800000)
 ParOldGen       total 64000K, used 20980K [0x00000000a0000000, 0x00000000a3e80000, 0x00000000e0000000)
  object space 64000K, 32% used [0x00000000a0000000,0x00000000a147d150,0x00000000a3e80000)
 Metaspace       used 34645K, capacity 35288K, committed 35456K, reserved 1079296K
  class space    used 4663K, capacity 4903K, committed 4992K, reserved 1048576K
Event: 19.611 GC heap after
Heap after GC invocations=15 (full 2):
 PSYoungGen      total 99328K, used 0K [0x00000000e0000000, 0x00000000e8800000, 0x0000000100000000)
  eden space 89600K, 0% used [0x00000000e0000000,0x00000000e0000000,0x00000000e5780000)
  from space 9728K, 0% used [0x00000000e5780000,0x00000000e5780000,0x00000000e6100000)
  to   space 10240K, 0% used [0x00000000e7e00000,0x00000000e7e00000,0x00000000e8800000)
 ParOldGen       total 97280K, used 14772K [0x00000000a0000000, 0x00000000a5f00000, 0x00000000e0000000)
  object space 97280K, 15% used [0x00000000a0000000,0x00000000a0e6d338,0x00000000a5f00000)
 Metaspace       used 34562K, capacity 35190K, committed 35456K, reserved 1079296K
  class space    used 4637K, capacity 4873K, committed 4992K, reserved 1048576K
}
Event: 21.924 GC heap before
{Heap before GC invocations=16 (full 2):
 PSYoungGen      total 99328K, used 89600K [0x00000000e0000000, 0x00000000e8800000, 0x0000000100000000)
  eden space 89600K, 100% used [0x00000000e0000000,0x00000000e5780000,0x00000000e5780000)
  from space 9728K, 0% used [0x00000000e5780000,0x00000000e5780000,0x00000000e6100000)
  to   space 10240K, 0% used [0x00000000e7e00000,0x00000000e7e00000,0x00000000e8800000)
 ParOldGen       total 97280K, used 14772K [0x00000000a0000000, 0x00000000a5f00000, 0x00000000e0000000)
  object space 97280K, 15% used [0x00000000a0000000,0x00000000a0e6d338,0x00000000a5f00000)
 Metaspace       used 41457K, capacity 42580K, committed 43008K, reserved 1087488K
  class space    used 5512K, capacity 5771K, committed 5888K, reserved 1048576K
Event: 21.938 GC heap after
Heap after GC invocations=16 (full 2):
 PSYoungGen      total 122368K, used 9372K [0x00000000e0000000, 0x00000000e8780000, 0x0000000100000000)
  eden space 112640K, 0% used [0x00000000e0000000,0x00000000e0000000,0x00000000e6e00000)
  from space 9728K, 96% used [0x00000000e7e00000,0x00000000e8727338,0x00000000e8780000)
  to   space 11264K, 0% used [0x00000000e7180000,0x00000000e7180000,0x00000000e7c80000)
 ParOldGen       total 97280K, used 14780K [0x00000000a0000000, 0x00000000a5f00000, 0x00000000e0000000)
  object space 97280K, 15% used [0x00000000a0000000,0x00000000a0e6f338,0x00000000a5f00000)
 Metaspace       used 41457K, capacity 42580K, committed 43008K, reserved 1087488K
  class space    used 5512K, capacity 5771K, committed 5888K, reserved 1048576K
}

