# JRE version: OpenJDK Runtime Environment (8.0_212-b04) (build 1.8.0_212-release-1586-b04)
# Java VM: OpenJDK 64-Bit Server VM (25.212-b04 mixed mode windows-amd64 compressed oops)
Heap:
 PSYoungGen      total 246272K, used 84525K [0x00000000e0000000, 0x00000000f8180000, 0x0000000100000000)
  eden space 235520K, 35% used [0x00000000e0000000,0x00000000e528b5c0,0x00000000ee600000)
  from space 10752K, 0% used [0x00000000f7700000,0x00000000f7700000,0x00000000f8180000)
  to   space 28672K, 0% used [0x00000000f4980000,0x00000000f4980000,0x00000000f6580000)
 ParOldGen       total 133632K, used 64312K [0x00000000a0000000, 0x00000000a8280000, 0x00000000e0000000)
  object space 133632K, 48% used [0x00000000a0000000,0x00000000a3ece270,0x00000000a8280000)
 Metaspace       used 95241K, capacity 98924K, committed 99584K, reserved 1136640K
  class space    used 12106K, capacity 12911K, committed 13056K, reserved 1048576K
GC Heap History (10 events):
Event: 623.294 GC heap before
{Heap before GC invocations=20 (full 3):
 PSYoungGen      total 290304K, used 290101K [0x00000000e0000000, 0x00000000faa80000, 0x0000000100000000)
  eden space 277504K, 100% used [0x00000000e0000000,0x00000000f0f00000,0x00000000f0f00000)
  from space 12800K, 98% used [0x00000000f9e00000,0x00000000faa4d4f8,0x00000000faa80000)
  to   space 23040K, 0% used [0x00000000f7d80000,0x00000000f7d80000,0x00000000f9400000)
 ParOldGen       total 101888K, used 57493K [0x00000000a0000000, 0x00000000a6380000, 0x00000000e0000000)
  object space 101888K, 56% used [0x00000000a0000000,0x00000000a38256e0,0x00000000a6380000)
 Metaspace       used 78036K, capacity 81086K, committed 81408K, reserved 1120256K
  class space    used 10265K, capacity 10913K, committed 11008K, reserved 1048576K
Event: 623.339 GC heap after
Heap after GC invocations=20 (full 3):
 PSYoungGen      total 289280K, used 23037K [0x00000000e0000000, 0x00000000f9e80000, 0x0000000100000000)
  eden space 266240K, 0% used [0x00000000e0000000,0x00000000e0000000,0x00000000f0400000)
  from space 23040K, 99% used [0x00000000f7d80000,0x00000000f93ff490,0x00000000f9400000)
  to   space 10752K, 0% used [0x00000000f9400000,0x00000000f9400000,0x00000000f9e80000)
 ParOldGen       total 101888K, used 64732K [0x00000000a0000000, 0x00000000a6380000, 0x00000000e0000000)
  object space 101888K, 63% used [0x00000000a0000000,0x00000000a3f37010,0x00000000a6380000)
 Metaspace       used 78036K, capacity 81086K, committed 81408K, reserved 1120256K
  class space    used 10265K, capacity 10913K, committed 11008K, reserved 1048576K
}
Event: 841.364 GC heap before
{Heap before GC invocations=21 (full 3):
 PSYoungGen      total 289280K, used 289277K [0x00000000e0000000, 0x00000000f9e80000, 0x0000000100000000)
  eden space 266240K, 100% used [0x00000000e0000000,0x00000000f0400000,0x00000000f0400000)
  from space 23040K, 99% used [0x00000000f7d80000,0x00000000f93ff490,0x00000000f9400000)
  to   space 10752K, 0% used [0x00000000f9400000,0x00000000f9400000,0x00000000f9e80000)
 ParOldGen       total 101888K, used 64732K [0x00000000a0000000, 0x00000000a6380000, 0x00000000e0000000)
  object space 101888K, 63% used [0x00000000a0000000,0x00000000a3f37010,0x00000000a6380000)
 Metaspace       used 85928K, capacity 89806K, committed 89984K, reserved 1128448K
  class space    used 11010K, capacity 11836K, committed 11904K, reserved 1048576K
Event: 841.391 GC heap after
Heap after GC invocations=21 (full 3):
 PSYoungGen      total 266240K, used 10721K [0x00000000e0000000, 0x00000000f9e80000, 0x0000000100000000)
  eden space 255488K, 0% used [0x00000000e0000000,0x00000000e0000000,0x00000000ef980000)
  from space 10752K, 99% used [0x00000000f9400000,0x00000000f9e78450,0x00000000f9e80000)
  to   space 31744K, 0% used [0x00000000f6080000,0x00000000f6080000,0x00000000f7f80000)
 ParOldGen       total 101888K, used 76603K [0x00000000a0000000, 0x00000000a6380000, 0x00000000e0000000)
  object space 101888K, 75% used [0x00000000a0000000,0x00000000a4acec40,0x00000000a6380000)
 Metaspace       used 85928K, capacity 89806K, committed 89984K, reserved 1128448K
  class space    used 11010K, capacity 11836K, committed 11904K, reserved 1048576K
}
Event: 851.832 GC heap before
{Heap before GC invocations=22 (full 3):
 PSYoungGen      total 266240K, used 266209K [0x00000000e0000000, 0x00000000f9e80000, 0x0000000100000000)
  eden space 255488K, 100% used [0x00000000e0000000,0x00000000ef980000,0x00000000ef980000)
  from space 10752K, 99% used [0x00000000f9400000,0x00000000f9e78450,0x00000000f9e80000)
  to   space 31744K, 0% used [0x00000000f6080000,0x00000000f6080000,0x00000000f7f80000)
 ParOldGen       total 101888K, used 76603K [0x00000000a0000000, 0x00000000a6380000, 0x00000000e0000000)
  object space 101888K, 75% used [0x00000000a0000000,0x00000000a4acec40,0x00000000a6380000)
 Metaspace       used 90280K, capacity 94208K, committed 94336K, reserved 1130496K
  class space    used 11510K, capacity 12353K, committed 12416K, reserved 1048576K
Event: 851.877 GC heap after
Heap after GC invocations=22 (full 3):
 PSYoungGen      total 256000K, used 10727K [0x00000000e0000000, 0x00000000f9480000, 0x0000000100000000)
  eden space 245248K, 0% used [0x00000000e0000000,0x00000000e0000000,0x00000000eef80000)
  from space 10752K, 99% used [0x00000000f6080000,0x00000000f6af9cd0,0x00000000f6b00000)
  to   space 30208K, 0% used [0x00000000f7700000,0x00000000f7700000,0x00000000f9480000)
 ParOldGen       total 101888K, used 85752K [0x00000000a0000000, 0x00000000a6380000, 0x00000000e0000000)
  object space 101888K, 84% used [0x00000000a0000000,0x00000000a53be1c8,0x00000000a6380000)
 Metaspace       used 90280K, capacity 94208K, committed 94336K, reserved 1130496K
  class space    used 11510K, capacity 12353K, committed 12416K, reserved 1048576K
}
Event: 856.366 GC heap before
{Heap before GC invocations=23 (full 3):
 PSYoungGen      total 256000K, used 172122K [0x00000000e0000000, 0x00000000f9480000, 0x0000000100000000)
  eden space 245248K, 65% used [0x00000000e0000000,0x00000000e9d9cca0,0x00000000eef80000)
  from space 10752K, 99% used [0x00000000f6080000,0x00000000f6af9cd0,0x00000000f6b00000)
  to   space 30208K, 0% used [0x00000000f7700000,0x00000000f7700000,0x00000000f9480000)
 ParOldGen       total 101888K, used 85752K [0x00000000a0000000, 0x00000000a6380000, 0x00000000e0000000)
  object space 101888K, 84% used [0x00000000a0000000,0x00000000a53be1c8,0x00000000a6380000)
 Metaspace       used 94412K, capacity 98376K, committed 98560K, reserved 1134592K
  class space    used 12047K, capacity 12931K, committed 13056K, reserved 1048576K
Event: 856.379 GC heap after
Heap after GC invocations=23 (full 3):
 PSYoungGen      total 246272K, used 10432K [0x00000000e0000000, 0x00000000f8180000, 0x0000000100000000)
  eden space 235520K, 0% used [0x00000000e0000000,0x00000000e0000000,0x00000000ee600000)
  from space 10752K, 97% used [0x00000000f7700000,0x00000000f8130310,0x00000000f8180000)
  to   space 28672K, 0% used [0x00000000f4980000,0x00000000f4980000,0x00000000f6580000)
 ParOldGen       total 101888K, used 85760K [0x00000000a0000000, 0x00000000a6380000, 0x00000000e0000000)
  object space 101888K, 84% used [0x00000000a0000000,0x00000000a53c01c8,0x00000000a6380000)
 Metaspace       used 94412K, capacity 98376K, committed 98560K, reserved 1134592K
  class space    used 12047K, capacity 12931K, committed 13056K, reserved 1048576K
}
Event: 856.379 GC heap before
{Heap before GC invocations=24 (full 4):
 PSYoungGen      total 246272K, used 10432K [0x00000000e0000000, 0x00000000f8180000, 0x0000000100000000)
  eden space 235520K, 0% used [0x00000000e0000000,0x00000000e0000000,0x00000000ee600000)
  from space 10752K, 97% used [0x00000000f7700000,0x00000000f8130310,0x00000000f8180000)
  to   space 28672K, 0% used [0x00000000f4980000,0x00000000f4980000,0x00000000f6580000)
 ParOldGen       total 101888K, used 85760K [0x00000000a0000000, 0x00000000a6380000, 0x00000000e0000000)
  object space 101888K, 84% used [0x00000000a0000000,0x00000000a53c01c8,0x00000000a6380000)
 Metaspace       used 94412K, capacity 98376K, committed 98560K, reserved 1134592K
  class space    used 12047K, capacity 12931K, committed 13056K, reserved 1048576K
Event: 856.692 GC heap after
Heap after GC invocations=24 (full 4):
 PSYoungGen      total 246272K, used 0K [0x00000000e0000000, 0x00000000f8180000, 0x0000000100000000)
  eden space 235520K, 0% used [0x00000000e0000000,0x00000000e0000000,0x00000000ee600000)
  from space 10752K, 0% used [0x00000000f7700000,0x00000000f7700000,0x00000000f8180000)
  to   space 28672K, 0% used [0x00000000f4980000,0x00000000f4980000,0x00000000f6580000)
 ParOldGen       total 133632K, used 64312K [0x00000000a0000000, 0x00000000a8280000, 0x00000000e0000000)
  object space 133632K, 48% used [0x00000000a0000000,0x00000000a3ece270,0x00000000a8280000)
 Metaspace       used 94263K, capacity 97958K, committed 98560K, reserved 1134592K
  class space    used 11999K, capacity 12846K, committed 13056K, reserved 1048576K
}

