# JRE version: OpenJDK Runtime Environment (8.0_202-b03) (build 1.8.0_202-release-1483-b03)
# Java VM: OpenJDK 64-Bit Server VM (25.202-b03 mixed mode windows-amd64 compressed oops)
Heap:
 PSYoungGen      total 75776K, used 59252K [0x00000000e0000000, 0x00000000e7b00000, 0x0000000100000000)
  eden space 65024K, 76% used [0x00000000e0000000,0x00000000e3085d28,0x00000000e3f80000)
  from space 10752K, 88% used [0x00000000e4b80000,0x00000000e54d74e8,0x00000000e5600000)
  to   space 12288K, 0% used [0x00000000e3f80000,0x00000000e3f80000,0x00000000e4b80000)
 ParOldGen       total 64000K, used 11637K [0x00000000a0000000, 0x00000000a3e80000, 0x00000000e0000000)
  object space 64000K, 18% used [0x00000000a0000000,0x00000000a0b5d790,0x00000000a3e80000)
 Metaspace       used 34409K, capacity 35430K, committed 35456K, reserved 1079296K
  class space    used 4738K, capacity 4977K, committed 4992K, reserved 1048576K
GC Heap History (10 events):
Event: 6.883 GC heap before
{Heap before GC invocations=5 (full 0):
 PSYoungGen      total 38400K, used 38384K [0x00000000e0000000, 0x00000000e2a80000, 0x0000000100000000)
  eden space 33280K, 100% used [0x00000000e0000000,0x00000000e2080000,0x00000000e2080000)
  from space 5120K, 99% used [0x00000000e2580000,0x00000000e2a7c030,0x00000000e2a80000)
  to   space 5120K, 0% used [0x00000000e2080000,0x00000000e2080000,0x00000000e2580000)
 ParOldGen       total 87552K, used 4068K [0x00000000a0000000, 0x00000000a5580000, 0x00000000e0000000)
  object space 87552K, 4% used [0x00000000a0000000,0x00000000a03f91e8,0x00000000a5580000)
 Metaspace       used 17718K, capacity 18094K, committed 18432K, reserved 1064960K
  class space    used 2546K, capacity 2691K, committed 2816K, reserved 1048576K
Event: 6.902 GC heap after
Heap after GC invocations=5 (full 0):
 PSYoungGen      total 38400K, used 5104K [0x00000000e0000000, 0x00000000e5600000, 0x0000000100000000)
  eden space 33280K, 0% used [0x00000000e0000000,0x00000000e0000000,0x00000000e2080000)
  from space 5120K, 99% used [0x00000000e2080000,0x00000000e257c010,0x00000000e2580000)
  to   space 10752K, 0% used [0x00000000e4b80000,0x00000000e4b80000,0x00000000e5600000)
 ParOldGen       total 87552K, used 7596K [0x00000000a0000000, 0x00000000a5580000, 0x00000000e0000000)
  object space 87552K, 8% used [0x00000000a0000000,0x00000000a076b090,0x00000000a5580000)
 Metaspace       used 17718K, capacity 18094K, committed 18432K, reserved 1064960K
  class space    used 2546K, capacity 2691K, committed 2816K, reserved 1048576K
}
Event: 7.930 GC heap before
{Heap before GC invocations=6 (full 0):
 PSYoungGen      total 38400K, used 33474K [0x00000000e0000000, 0x00000000e5600000, 0x0000000100000000)
  eden space 33280K, 85% used [0x00000000e0000000,0x00000000e1bb4ab8,0x00000000e2080000)
  from space 5120K, 99% used [0x00000000e2080000,0x00000000e257c010,0x00000000e2580000)
  to   space 10752K, 0% used [0x00000000e4b80000,0x00000000e4b80000,0x00000000e5600000)
 ParOldGen       total 87552K, used 7596K [0x00000000a0000000, 0x00000000a5580000, 0x00000000e0000000)
  object space 87552K, 8% used [0x00000000a0000000,0x00000000a076b090,0x00000000a5580000)
 Metaspace       used 20601K, capacity 21116K, committed 21296K, reserved 1067008K
  class space    used 2988K, capacity 3169K, committed 3200K, reserved 1048576K
Event: 7.958 GC heap after
Heap after GC invocations=6 (full 0):
 PSYoungGen      total 76800K, used 8784K [0x00000000e0000000, 0x00000000e5700000, 0x0000000100000000)
  eden space 66048K, 0% used [0x00000000e0000000,0x00000000e0000000,0x00000000e4080000)
  from space 10752K, 81% used [0x00000000e4b80000,0x00000000e5414090,0x00000000e5600000)
  to   space 11264K, 0% used [0x00000000e4080000,0x00000000e4080000,0x00000000e4b80000)
 ParOldGen       total 87552K, used 7604K [0x00000000a0000000, 0x00000000a5580000, 0x00000000e0000000)
  object space 87552K, 8% used [0x00000000a0000000,0x00000000a076d090,0x00000000a5580000)
 Metaspace       used 20601K, capacity 21116K, committed 21296K, reserved 1067008K
  class space    used 2988K, capacity 3169K, committed 3200K, reserved 1048576K
}
Event: 7.958 GC heap before
{Heap before GC invocations=7 (full 1):
 PSYoungGen      total 76800K, used 8784K [0x00000000e0000000, 0x00000000e5700000, 0x0000000100000000)
  eden space 66048K, 0% used [0x00000000e0000000,0x00000000e0000000,0x00000000e4080000)
  from space 10752K, 81% used [0x00000000e4b80000,0x00000000e5414090,0x00000000e5600000)
  to   space 11264K, 0% used [0x00000000e4080000,0x00000000e4080000,0x00000000e4b80000)
 ParOldGen       total 87552K, used 7604K [0x00000000a0000000, 0x00000000a5580000, 0x00000000e0000000)
  object space 87552K, 8% used [0x00000000a0000000,0x00000000a076d090,0x00000000a5580000)
 Metaspace       used 20601K, capacity 21116K, committed 21296K, reserved 1067008K
  class space    used 2988K, capacity 3169K, committed 3200K, reserved 1048576K
Event: 8.051 GC heap after
Heap after GC invocations=7 (full 1):
 PSYoungGen      total 76800K, used 0K [0x00000000e0000000, 0x00000000e5700000, 0x0000000100000000)
  eden space 66048K, 0% used [0x00000000e0000000,0x00000000e0000000,0x00000000e4080000)
  from space 10752K, 0% used [0x00000000e4b80000,0x00000000e4b80000,0x00000000e5600000)
  to   space 11264K, 0% used [0x00000000e4080000,0x00000000e4080000,0x00000000e4b80000)
 ParOldGen       total 64000K, used 11621K [0x00000000a0000000, 0x00000000a3e80000, 0x00000000e0000000)
  object space 64000K, 18% used [0x00000000a0000000,0x00000000a0b59790,0x00000000a3e80000)
 Metaspace       used 20601K, capacity 21116K, committed 21296K, reserved 1067008K
  class space    used 2988K, capacity 3169K, committed 3200K, reserved 1048576K
}
Event: 9.705 GC heap before
{Heap before GC invocations=8 (full 1):
 PSYoungGen      total 76800K, used 66048K [0x00000000e0000000, 0x00000000e5700000, 0x0000000100000000)
  eden space 66048K, 100% used [0x00000000e0000000,0x00000000e4080000,0x00000000e4080000)
  from space 10752K, 0% used [0x00000000e4b80000,0x00000000e4b80000,0x00000000e5600000)
  to   space 11264K, 0% used [0x00000000e4080000,0x00000000e4080000,0x00000000e4b80000)
 ParOldGen       total 64000K, used 11621K [0x00000000a0000000, 0x00000000a3e80000, 0x00000000e0000000)
  object space 64000K, 18% used [0x00000000a0000000,0x00000000a0b59790,0x00000000a3e80000)
 Metaspace       used 28258K, capacity 28836K, committed 29184K, reserved 1075200K
  class space    used 3868K, capacity 4075K, committed 4096K, reserved 1048576K
Event: 9.727 GC heap after
Heap after GC invocations=8 (full 1):
 PSYoungGen      total 77312K, used 7792K [0x00000000e0000000, 0x00000000e5700000, 0x0000000100000000)
  eden space 66048K, 0% used [0x00000000e0000000,0x00000000e0000000,0x00000000e4080000)
  from space 11264K, 69% used [0x00000000e4080000,0x00000000e481c060,0x00000000e4b80000)
  to   space 10752K, 0% used [0x00000000e4b80000,0x00000000e4b80000,0x00000000e5600000)
 ParOldGen       total 64000K, used 11629K [0x00000000a0000000, 0x00000000a3e80000, 0x00000000e0000000)
  object space 64000K, 18% used [0x00000000a0000000,0x00000000a0b5b790,0x00000000a3e80000)
 Metaspace       used 28258K, capacity 28836K, committed 29184K, reserved 1075200K
  class space    used 3868K, capacity 4075K, committed 4096K, reserved 1048576K
}
Event: 11.714 GC heap before
{Heap before GC invocations=9 (full 1):
 PSYoungGen      total 77312K, used 73840K [0x00000000e0000000, 0x00000000e5700000, 0x0000000100000000)
  eden space 66048K, 100% used [0x00000000e0000000,0x00000000e4080000,0x00000000e4080000)
  from space 11264K, 69% used [0x00000000e4080000,0x00000000e481c060,0x00000000e4b80000)
  to   space 10752K, 0% used [0x00000000e4b80000,0x00000000e4b80000,0x00000000e5600000)
 ParOldGen       total 64000K, used 11629K [0x00000000a0000000, 0x00000000a3e80000, 0x00000000e0000000)
  object space 64000K, 18% used [0x00000000a0000000,0x00000000a0b5b790,0x00000000a3e80000)
 Metaspace       used 31681K, capacity 32234K, committed 32384K, reserved 1077248K
  class space    used 4409K, capacity 4616K, committed 4736K, reserved 1048576K
Event: 11.732 GC heap after
Heap after GC invocations=9 (full 1):
 PSYoungGen      total 75776K, used 9565K [0x00000000e0000000, 0x00000000e7b00000, 0x0000000100000000)
  eden space 65024K, 0% used [0x00000000e0000000,0x00000000e0000000,0x00000000e3f80000)
  from space 10752K, 88% used [0x00000000e4b80000,0x00000000e54d74e8,0x00000000e5600000)
  to   space 12288K, 0% used [0x00000000e3f80000,0x00000000e3f80000,0x00000000e4b80000)
 ParOldGen       total 64000K, used 11637K [0x00000000a0000000, 0x00000000a3e80000, 0x00000000e0000000)
  object space 64000K, 18% used [0x00000000a0000000,0x00000000a0b5d790,0x00000000a3e80000)
 Metaspace       used 31681K, capacity 32234K, committed 32384K, reserved 1077248K
  class space    used 4409K, capacity 4616K, committed 4736K, reserved 1048576K
}

