# JRE version: Java(TM) SE Runtime Environment (8.0_241-b07) (build 1.8.0_241-b07)
# Java VM: Java HotSpot(TM) 64-Bit Server VM (25.241-b07 mixed mode windows-amd64 compressed oops)
Heap:
 PSYoungGen      total 101888K, used 38826K [0x00000000d5580000, 0x00000000dcc80000, 0x0000000100000000)
  eden space 83968K, 32% used [0x00000000d5580000,0x00000000d7006290,0x00000000da780000)
  from space 17920K, 65% used [0x00000000dbb00000,0x00000000dc664678,0x00000000dcc80000)
  to   space 18944K, 0% used [0x00000000da780000,0x00000000da780000,0x00000000dba00000)
 ParOldGen       total 156672K, used 30417K [0x0000000080000000, 0x0000000089900000, 0x00000000d5580000)
  object space 156672K, 19% used [0x0000000080000000,0x0000000081db45a8,0x0000000089900000)
 Metaspace       used 62094K, capacity 64814K, committed 65024K, reserved 1105920K
  class space    used 8751K, capacity 9350K, committed 9472K, reserved 1048576K
GC Heap History (10 events):
Event: 41.858 GC heap before
{Heap before GC invocations=17 (full 2):
 PSYoungGen      total 78336K, used 78313K [0x00000000d5580000, 0x00000000db280000, 0x0000000100000000)
  eden space 66560K, 100% used [0x00000000d5580000,0x00000000d9680000,0x00000000d9680000)
  from space 11776K, 99% used [0x00000000da400000,0x00000000daf7a450,0x00000000daf80000)
  to   space 13824K, 0% used [0x00000000d9680000,0x00000000d9680000,0x00000000da400000)
 ParOldGen       total 107008K, used 16503K [0x0000000080000000, 0x0000000086880000, 0x00000000d5580000)
  object space 107008K, 15% used [0x0000000080000000,0x000000008101dcf8,0x0000000086880000)
 Metaspace       used 54108K, capacity 56096K, committed 56192K, reserved 1097728K
  class space    used 7543K, capacity 8041K, committed 8064K, reserved 1048576K
Event: 41.873 GC heap after
Heap after GC invocations=17 (full 2):
 PSYoungGen      total 80384K, used 13820K [0x00000000d5580000, 0x00000000dc300000, 0x0000000100000000)
  eden space 66560K, 0% used [0x00000000d5580000,0x00000000d5580000,0x00000000d9680000)
  from space 13824K, 99% used [0x00000000d9680000,0x00000000da3ff320,0x00000000da400000)
  to   space 17408K, 0% used [0x00000000db200000,0x00000000db200000,0x00000000dc300000)
 ParOldGen       total 107008K, used 21111K [0x0000000080000000, 0x0000000086880000, 0x00000000d5580000)
  object space 107008K, 19% used [0x0000000080000000,0x000000008149dee8,0x0000000086880000)
 Metaspace       used 54108K, capacity 56096K, committed 56192K, reserved 1097728K
  class space    used 7543K, capacity 8041K, committed 8064K, reserved 1048576K
}
Event: 43.303 GC heap before
{Heap before GC invocations=18 (full 2):
 PSYoungGen      total 80384K, used 50592K [0x00000000d5580000, 0x00000000dc300000, 0x0000000100000000)
  eden space 66560K, 55% used [0x00000000d5580000,0x00000000d7968d50,0x00000000d9680000)
  from space 13824K, 99% used [0x00000000d9680000,0x00000000da3ff320,0x00000000da400000)
  to   space 17408K, 0% used [0x00000000db200000,0x00000000db200000,0x00000000dc300000)
 ParOldGen       total 107008K, used 21111K [0x0000000080000000, 0x0000000086880000, 0x00000000d5580000)
  object space 107008K, 19% used [0x0000000080000000,0x000000008149dee8,0x0000000086880000)
 Metaspace       used 57033K, capacity 59088K, committed 59160K, reserved 1099776K
  class space    used 8023K, capacity 8517K, committed 8576K, reserved 1048576K
Event: 43.321 GC heap after
Heap after GC invocations=18 (full 2):
 PSYoungGen      total 92160K, used 17395K [0x00000000d5580000, 0x00000000dcc00000, 0x0000000100000000)
  eden space 74752K, 0% used [0x00000000d5580000,0x00000000d5580000,0x00000000d9e80000)
  from space 17408K, 99% used [0x00000000db200000,0x00000000dc2fcd10,0x00000000dc300000)
  to   space 19968K, 0% used [0x00000000d9e80000,0x00000000d9e80000,0x00000000db200000)
 ParOldGen       total 107008K, used 21248K [0x0000000080000000, 0x0000000086880000, 0x00000000d5580000)
  object space 107008K, 19% used [0x0000000080000000,0x00000000814c0220,0x0000000086880000)
 Metaspace       used 57033K, capacity 59088K, committed 59160K, reserved 1099776K
  class space    used 8023K, capacity 8517K, committed 8576K, reserved 1048576K
}
Event: 43.321 GC heap before
{Heap before GC invocations=19 (full 3):
 PSYoungGen      total 92160K, used 17395K [0x00000000d5580000, 0x00000000dcc00000, 0x0000000100000000)
  eden space 74752K, 0% used [0x00000000d5580000,0x00000000d5580000,0x00000000d9e80000)
  from space 17408K, 99% used [0x00000000db200000,0x00000000dc2fcd10,0x00000000dc300000)
  to   space 19968K, 0% used [0x00000000d9e80000,0x00000000d9e80000,0x00000000db200000)
 ParOldGen       total 107008K, used 21248K [0x0000000080000000, 0x0000000086880000, 0x00000000d5580000)
  object space 107008K, 19% used [0x0000000080000000,0x00000000814c0220,0x0000000086880000)
 Metaspace       used 57033K, capacity 59088K, committed 59160K, reserved 1099776K
  class space    used 8023K, capacity 8517K, committed 8576K, reserved 1048576K
Event: 43.561 GC heap after
Heap after GC invocations=19 (full 3):
 PSYoungGen      total 92160K, used 0K [0x00000000d5580000, 0x00000000dcc00000, 0x0000000100000000)
  eden space 74752K, 0% used [0x00000000d5580000,0x00000000d5580000,0x00000000d9e80000)
  from space 17408K, 0% used [0x00000000db200000,0x00000000db200000,0x00000000dc300000)
  to   space 19968K, 0% used [0x00000000d9e80000,0x00000000d9e80000,0x00000000db200000)
 ParOldGen       total 156672K, used 30401K [0x0000000080000000, 0x0000000089900000, 0x00000000d5580000)
  object space 156672K, 19% used [0x0000000080000000,0x0000000081db05a8,0x0000000089900000)
 Metaspace       used 57000K, capacity 58974K, committed 59160K, reserved 1099776K
  class space    used 8013K, capacity 8498K, committed 8576K, reserved 1048576K
}
Event: 48.877 GC heap before
{Heap before GC invocations=20 (full 3):
 PSYoungGen      total 92160K, used 74752K [0x00000000d5580000, 0x00000000dcc00000, 0x0000000100000000)
  eden space 74752K, 100% used [0x00000000d5580000,0x00000000d9e80000,0x00000000d9e80000)
  from space 17408K, 0% used [0x00000000db200000,0x00000000db200000,0x00000000dc300000)
  to   space 19968K, 0% used [0x00000000d9e80000,0x00000000d9e80000,0x00000000db200000)
 ParOldGen       total 156672K, used 30401K [0x0000000080000000, 0x0000000089900000, 0x00000000d5580000)
  object space 156672K, 19% used [0x0000000080000000,0x0000000081db05a8,0x0000000089900000)
 Metaspace       used 60357K, capacity 63012K, committed 63232K, reserved 1103872K
  class space    used 8550K, capacity 9105K, committed 9216K, reserved 1048576K
Event: 48.883 GC heap after
Heap after GC invocations=20 (full 3):
 PSYoungGen      total 94720K, used 8767K [0x00000000d5580000, 0x00000000dcd80000, 0x0000000100000000)
  eden space 74752K, 0% used [0x00000000d5580000,0x00000000d5580000,0x00000000d9e80000)
  from space 19968K, 43% used [0x00000000d9e80000,0x00000000da70fe38,0x00000000db200000)
  to   space 18944K, 0% used [0x00000000dbb00000,0x00000000dbb00000,0x00000000dcd80000)
 ParOldGen       total 156672K, used 30409K [0x0000000080000000, 0x0000000089900000, 0x00000000d5580000)
  object space 156672K, 19% used [0x0000000080000000,0x0000000081db25a8,0x0000000089900000)
 Metaspace       used 60357K, capacity 63012K, committed 63232K, reserved 1103872K
  class space    used 8550K, capacity 9105K, committed 9216K, reserved 1048576K
}
Event: 53.929 GC heap before
{Heap before GC invocations=21 (full 3):
 PSYoungGen      total 94720K, used 83519K [0x00000000d5580000, 0x00000000dcd80000, 0x0000000100000000)
  eden space 74752K, 100% used [0x00000000d5580000,0x00000000d9e80000,0x00000000d9e80000)
  from space 19968K, 43% used [0x00000000d9e80000,0x00000000da70fe38,0x00000000db200000)
  to   space 18944K, 0% used [0x00000000dbb00000,0x00000000dbb00000,0x00000000dcd80000)
 ParOldGen       total 156672K, used 30409K [0x0000000080000000, 0x0000000089900000, 0x00000000d5580000)
  object space 156672K, 19% used [0x0000000080000000,0x0000000081db25a8,0x0000000089900000)
 Metaspace       used 61350K, capacity 64042K, committed 64128K, reserved 1103872K
  class space    used 8650K, capacity 9268K, committed 9344K, reserved 1048576K
Event: 53.938 GC heap after
Heap after GC invocations=21 (full 3):
 PSYoungGen      total 101888K, used 11665K [0x00000000d5580000, 0x00000000dcc80000, 0x0000000100000000)
  eden space 83968K, 0% used [0x00000000d5580000,0x00000000d5580000,0x00000000da780000)
  from space 17920K, 65% used [0x00000000dbb00000,0x00000000dc664678,0x00000000dcc80000)
  to   space 18944K, 0% used [0x00000000da780000,0x00000000da780000,0x00000000dba00000)
 ParOldGen       total 156672K, used 30417K [0x0000000080000000, 0x0000000089900000, 0x00000000d5580000)
  object space 156672K, 19% used [0x0000000080000000,0x0000000081db45a8,0x0000000089900000)
 Metaspace       used 61350K, capacity 64042K, committed 64128K, reserved 1103872K
  class space    used 8650K, capacity 9268K, committed 9344K, reserved 1048576K
}

