# JRE version: Java(TM) SE Runtime Environment (8.0_241-b07) (build 1.8.0_241-b07)
# Java VM: Java HotSpot(TM) 64-Bit Server VM (25.241-b07 mixed mode windows-amd64 compressed oops)
Heap:
 PSYoungGen      total 352768K, used 68327K [0x00000000d5580000, 0x00000000f1200000, 0x0000000100000000)
  eden space 271360K, 7% used [0x00000000d5580000,0x00000000d6a279f0,0x00000000e5e80000)
  from space 81408K, 57% used [0x00000000e5e80000,0x00000000e8c925b8,0x00000000eae00000)
  to   space 81408K, 0% used [0x00000000ec280000,0x00000000ec280000,0x00000000f1200000)
 ParOldGen       total 174080K, used 87764K [0x0000000080000000, 0x000000008aa00000, 0x00000000d5580000)
  object space 174080K, 50% used [0x0000000080000000,0x00000000855b50c0,0x000000008aa00000)
 Metaspace       used 77388K, capacity 80839K, committed 81152K, reserved 1118208K
  class space    used 10692K, capacity 11446K, committed 11520K, reserved 1048576K
GC Heap History (10 events):
Event: 35.741 GC heap before
{Heap before GC invocations=27 (full 6):
 PSYoungGen      total 350208K, used 321706K [0x00000000d5580000, 0x00000000efe80000, 0x0000000100000000)
  eden space 271360K, 100% used [0x00000000d5580000,0x00000000e5e80000,0x00000000e5e80000)
  from space 78848K, 63% used [0x00000000eae00000,0x00000000edf2a980,0x00000000efb00000)
  to   space 81408K, 0% used [0x00000000e5e80000,0x00000000e5e80000,0x00000000eae00000)
 ParOldGen       total 174080K, used 87740K [0x0000000080000000, 0x000000008aa00000, 0x00000000d5580000)
  object space 174080K, 50% used [0x0000000080000000,0x00000000855af0c0,0x000000008aa00000)
 Metaspace       used 77337K, capacity 80799K, committed 80896K, reserved 1118208K
  class space    used 10682K, capacity 11438K, committed 11520K, reserved 1048576K
Event: 35.772 GC heap after
Heap after GC invocations=27 (full 6):
 PSYoungGen      total 352768K, used 49698K [0x00000000d5580000, 0x00000000efe80000, 0x0000000100000000)
  eden space 271360K, 0% used [0x00000000d5580000,0x00000000d5580000,0x00000000e5e80000)
  from space 81408K, 61% used [0x00000000e5e80000,0x00000000e8f08b18,0x00000000eae00000)
  to   space 78848K, 0% used [0x00000000eae00000,0x00000000eae00000,0x00000000efb00000)
 ParOldGen       total 174080K, used 87748K [0x0000000080000000, 0x000000008aa00000, 0x00000000d5580000)
  object space 174080K, 50% used [0x0000000080000000,0x00000000855b10c0,0x000000008aa00000)
 Metaspace       used 77337K, capacity 80799K, committed 80896K, reserved 1118208K
  class space    used 10682K, capacity 11438K, committed 11520K, reserved 1048576K
}
Event: 37.405 GC heap before
{Heap before GC invocations=28 (full 6):
 PSYoungGen      total 352768K, used 321058K [0x00000000d5580000, 0x00000000efe80000, 0x0000000100000000)
  eden space 271360K, 100% used [0x00000000d5580000,0x00000000e5e80000,0x00000000e5e80000)
  from space 81408K, 61% used [0x00000000e5e80000,0x00000000e8f08b18,0x00000000eae00000)
  to   space 78848K, 0% used [0x00000000eae00000,0x00000000eae00000,0x00000000efb00000)
 ParOldGen       total 174080K, used 87748K [0x0000000080000000, 0x000000008aa00000, 0x00000000d5580000)
  object space 174080K, 50% used [0x0000000080000000,0x00000000855b10c0,0x000000008aa00000)
 Metaspace       used 77377K, capacity 80833K, committed 81152K, reserved 1118208K
  class space    used 10690K, capacity 11445K, committed 11520K, reserved 1048576K
Event: 37.432 GC heap after
Heap after GC invocations=28 (full 6):
 PSYoungGen      total 350208K, used 49226K [0x00000000d5580000, 0x00000000efe80000, 0x0000000100000000)
  eden space 271360K, 0% used [0x00000000d5580000,0x00000000d5580000,0x00000000e5e80000)
  from space 78848K, 62% used [0x00000000eae00000,0x00000000ede12990,0x00000000efb00000)
  to   space 81408K, 0% used [0x00000000e5e80000,0x00000000e5e80000,0x00000000eae00000)
 ParOldGen       total 174080K, used 87748K [0x0000000080000000, 0x000000008aa00000, 0x00000000d5580000)
  object space 174080K, 50% used [0x0000000080000000,0x00000000855b10c0,0x000000008aa00000)
 Metaspace       used 77377K, capacity 80833K, committed 81152K, reserved 1118208K
  class space    used 10690K, capacity 11445K, committed 11520K, reserved 1048576K
}
Event: 38.762 GC heap before
{Heap before GC invocations=29 (full 6):
 PSYoungGen      total 350208K, used 320586K [0x00000000d5580000, 0x00000000efe80000, 0x0000000100000000)
  eden space 271360K, 100% used [0x00000000d5580000,0x00000000e5e80000,0x00000000e5e80000)
  from space 78848K, 62% used [0x00000000eae00000,0x00000000ede12990,0x00000000efb00000)
  to   space 81408K, 0% used [0x00000000e5e80000,0x00000000e5e80000,0x00000000eae00000)
 ParOldGen       total 174080K, used 87748K [0x0000000080000000, 0x000000008aa00000, 0x00000000d5580000)
  object space 174080K, 50% used [0x0000000080000000,0x00000000855b10c0,0x000000008aa00000)
 Metaspace       used 77384K, capacity 80839K, committed 81152K, reserved 1118208K
  class space    used 10691K, capacity 11446K, committed 11520K, reserved 1048576K
Event: 38.797 GC heap after
Heap after GC invocations=29 (full 6):
 PSYoungGen      total 352768K, used 48481K [0x00000000d5580000, 0x00000000efe80000, 0x0000000100000000)
  eden space 271360K, 0% used [0x00000000d5580000,0x00000000d5580000,0x00000000e5e80000)
  from space 81408K, 59% used [0x00000000e5e80000,0x00000000e8dd8530,0x00000000eae00000)
  to   space 78848K, 0% used [0x00000000eae00000,0x00000000eae00000,0x00000000efb00000)
 ParOldGen       total 174080K, used 87748K [0x0000000080000000, 0x000000008aa00000, 0x00000000d5580000)
  object space 174080K, 50% used [0x0000000080000000,0x00000000855b10c0,0x000000008aa00000)
 Metaspace       used 77384K, capacity 80839K, committed 81152K, reserved 1118208K
  class space    used 10691K, capacity 11446K, committed 11520K, reserved 1048576K
}
Event: 40.087 GC heap before
{Heap before GC invocations=30 (full 6):
 PSYoungGen      total 352768K, used 319841K [0x00000000d5580000, 0x00000000efe80000, 0x0000000100000000)
  eden space 271360K, 100% used [0x00000000d5580000,0x00000000e5e80000,0x00000000e5e80000)
  from space 81408K, 59% used [0x00000000e5e80000,0x00000000e8dd8530,0x00000000eae00000)
  to   space 78848K, 0% used [0x00000000eae00000,0x00000000eae00000,0x00000000efb00000)
 ParOldGen       total 174080K, used 87748K [0x0000000080000000, 0x000000008aa00000, 0x00000000d5580000)
  object space 174080K, 50% used [0x0000000080000000,0x00000000855b10c0,0x000000008aa00000)
 Metaspace       used 77385K, capacity 80839K, committed 81152K, reserved 1118208K
  class space    used 10691K, capacity 11446K, committed 11520K, reserved 1048576K
Event: 40.118 GC heap after
Heap after GC invocations=30 (full 6):
 PSYoungGen      total 350208K, used 47770K [0x00000000d5580000, 0x00000000efe80000, 0x0000000100000000)
  eden space 271360K, 0% used [0x00000000d5580000,0x00000000d5580000,0x00000000e5e80000)
  from space 78848K, 60% used [0x00000000eae00000,0x00000000edca6980,0x00000000efb00000)
  to   space 81408K, 0% used [0x00000000e5e80000,0x00000000e5e80000,0x00000000eae00000)
 ParOldGen       total 174080K, used 87756K [0x0000000080000000, 0x000000008aa00000, 0x00000000d5580000)
  object space 174080K, 50% used [0x0000000080000000,0x00000000855b30c0,0x000000008aa00000)
 Metaspace       used 77385K, capacity 80839K, committed 81152K, reserved 1118208K
  class space    used 10691K, capacity 11446K, committed 11520K, reserved 1048576K
}
Event: 41.188 GC heap before
{Heap before GC invocations=31 (full 6):
 PSYoungGen      total 350208K, used 319130K [0x00000000d5580000, 0x00000000efe80000, 0x0000000100000000)
  eden space 271360K, 100% used [0x00000000d5580000,0x00000000e5e80000,0x00000000e5e80000)
  from space 78848K, 60% used [0x00000000eae00000,0x00000000edca6980,0x00000000efb00000)
  to   space 81408K, 0% used [0x00000000e5e80000,0x00000000e5e80000,0x00000000eae00000)
 ParOldGen       total 174080K, used 87756K [0x0000000080000000, 0x000000008aa00000, 0x00000000d5580000)
  object space 174080K, 50% used [0x0000000080000000,0x00000000855b30c0,0x000000008aa00000)
 Metaspace       used 77388K, capacity 80839K, committed 81152K, reserved 1118208K
  class space    used 10692K, capacity 11446K, committed 11520K, reserved 1048576K
Event: 41.215 GC heap after
Heap after GC invocations=31 (full 6):
 PSYoungGen      total 352768K, used 47177K [0x00000000d5580000, 0x00000000f1200000, 0x0000000100000000)
  eden space 271360K, 0% used [0x00000000d5580000,0x00000000d5580000,0x00000000e5e80000)
  from space 81408K, 57% used [0x00000000e5e80000,0x00000000e8c925b8,0x00000000eae00000)
  to   space 81408K, 0% used [0x00000000ec280000,0x00000000ec280000,0x00000000f1200000)
 ParOldGen       total 174080K, used 87764K [0x0000000080000000, 0x000000008aa00000, 0x00000000d5580000)
  object space 174080K, 50% used [0x0000000080000000,0x00000000855b50c0,0x000000008aa00000)
 Metaspace       used 77388K, capacity 80839K, committed 81152K, reserved 1118208K
  class space    used 10692K, capacity 11446K, committed 11520K, reserved 1048576K
}

