# JRE version: Java(TM) SE Runtime Environment (8.0_241-b07) (build 1.8.0_241-b07)
# Java VM: Java HotSpot(TM) 64-Bit Server VM (25.241-b07 mixed mode windows-amd64 compressed oops)
Heap:
 PSYoungGen      total 77312K, used 24781K [0x00000000d5580000, 0x00000000dab80000, 0x0000000100000000)
  eden space 66560K, 23% used [0x00000000d5580000,0x00000000d64f2000,0x00000000d9680000)
  from space 10752K, 83% used [0x00000000da100000,0x00000000da9c17a8,0x00000000dab80000)
  to   space 10752K, 0% used [0x00000000d9680000,0x00000000d9680000,0x00000000da100000)
 ParOldGen       total 57856K, used 9830K [0x0000000080000000, 0x0000000083880000, 0x00000000d5580000)
  object space 57856K, 16% used [0x0000000080000000,0x0000000080999938,0x0000000083880000)
 Metaspace       used 33302K, capacity 34136K, committed 34432K, reserved 1079296K
  class space    used 4677K, capacity 4903K, committed 4992K, reserved 1048576K
GC Heap History (10 events):
Event: 5.837 GC heap before
{Heap before GC invocations=5 (full 0):
 PSYoungGen      total 38400K, used 38368K [0x00000000d5580000, 0x00000000d8000000, 0x0000000100000000)
  eden space 33280K, 100% used [0x00000000d5580000,0x00000000d7600000,0x00000000d7600000)
  from space 5120K, 99% used [0x00000000d7b00000,0x00000000d7ff8020,0x00000000d8000000)
  to   space 5120K, 0% used [0x00000000d7600000,0x00000000d7600000,0x00000000d7b00000)
 ParOldGen       total 87552K, used 4285K [0x0000000080000000, 0x0000000085580000, 0x00000000d5580000)
  object space 87552K, 4% used [0x0000000080000000,0x000000008042f5e8,0x0000000085580000)
 Metaspace       used 18454K, capacity 19032K, committed 19200K, reserved 1064960K
  class space    used 2611K, capacity 2796K, committed 2816K, reserved 1048576K
Event: 5.846 GC heap after
Heap after GC invocations=5 (full 0):
 PSYoungGen      total 38400K, used 5088K [0x00000000d5580000, 0x00000000dab80000, 0x0000000100000000)
  eden space 33280K, 0% used [0x00000000d5580000,0x00000000d5580000,0x00000000d7600000)
  from space 5120K, 99% used [0x00000000d7600000,0x00000000d7af8020,0x00000000d7b00000)
  to   space 10752K, 0% used [0x00000000da100000,0x00000000da100000,0x00000000dab80000)
 ParOldGen       total 87552K, used 7719K [0x0000000080000000, 0x0000000085580000, 0x00000000d5580000)
  object space 87552K, 8% used [0x0000000080000000,0x0000000080789fc8,0x0000000085580000)
 Metaspace       used 18454K, capacity 19032K, committed 19200K, reserved 1064960K
  class space    used 2611K, capacity 2796K, committed 2816K, reserved 1048576K
}
Event: 6.217 GC heap before
{Heap before GC invocations=6 (full 0):
 PSYoungGen      total 38400K, used 31013K [0x00000000d5580000, 0x00000000dab80000, 0x0000000100000000)
  eden space 33280K, 77% used [0x00000000d5580000,0x00000000d6ed15a8,0x00000000d7600000)
  from space 5120K, 99% used [0x00000000d7600000,0x00000000d7af8020,0x00000000d7b00000)
  to   space 10752K, 0% used [0x00000000da100000,0x00000000da100000,0x00000000dab80000)
 ParOldGen       total 87552K, used 7719K [0x0000000080000000, 0x0000000085580000, 0x00000000d5580000)
  object space 87552K, 8% used [0x0000000080000000,0x0000000080789fc8,0x0000000085580000)
 Metaspace       used 20587K, capacity 21248K, committed 21296K, reserved 1067008K
  class space    used 2961K, capacity 3180K, committed 3200K, reserved 1048576K
Event: 6.226 GC heap after
Heap after GC invocations=6 (full 0):
 PSYoungGen      total 77312K, used 8073K [0x00000000d5580000, 0x00000000dab80000, 0x0000000100000000)
  eden space 66560K, 0% used [0x00000000d5580000,0x00000000d5580000,0x00000000d9680000)
  from space 10752K, 75% used [0x00000000da100000,0x00000000da8e26c8,0x00000000dab80000)
  to   space 10752K, 0% used [0x00000000d9680000,0x00000000d9680000,0x00000000da100000)
 ParOldGen       total 87552K, used 7727K [0x0000000080000000, 0x0000000085580000, 0x00000000d5580000)
  object space 87552K, 8% used [0x0000000080000000,0x000000008078bfc8,0x0000000085580000)
 Metaspace       used 20587K, capacity 21248K, committed 21296K, reserved 1067008K
  class space    used 2961K, capacity 3180K, committed 3200K, reserved 1048576K
}
Event: 6.226 GC heap before
{Heap before GC invocations=7 (full 1):
 PSYoungGen      total 77312K, used 8073K [0x00000000d5580000, 0x00000000dab80000, 0x0000000100000000)
  eden space 66560K, 0% used [0x00000000d5580000,0x00000000d5580000,0x00000000d9680000)
  from space 10752K, 75% used [0x00000000da100000,0x00000000da8e26c8,0x00000000dab80000)
  to   space 10752K, 0% used [0x00000000d9680000,0x00000000d9680000,0x00000000da100000)
 ParOldGen       total 87552K, used 7727K [0x0000000080000000, 0x0000000085580000, 0x00000000d5580000)
  object space 87552K, 8% used [0x0000000080000000,0x000000008078bfc8,0x0000000085580000)
 Metaspace       used 20587K, capacity 21248K, committed 21296K, reserved 1067008K
  class space    used 2961K, capacity 3180K, committed 3200K, reserved 1048576K
Event: 6.270 GC heap after
Heap after GC invocations=7 (full 1):
 PSYoungGen      total 77312K, used 0K [0x00000000d5580000, 0x00000000dab80000, 0x0000000100000000)
  eden space 66560K, 0% used [0x00000000d5580000,0x00000000d5580000,0x00000000d9680000)
  from space 10752K, 0% used [0x00000000da100000,0x00000000da100000,0x00000000dab80000)
  to   space 10752K, 0% used [0x00000000d9680000,0x00000000d9680000,0x00000000da100000)
 ParOldGen       total 57856K, used 8738K [0x0000000080000000, 0x0000000083880000, 0x00000000d5580000)
  object space 57856K, 15% used [0x0000000080000000,0x0000000080888b60,0x0000000083880000)
 Metaspace       used 20587K, capacity 21248K, committed 21296K, reserved 1067008K
  class space    used 2961K, capacity 3180K, committed 3200K, reserved 1048576K
}
Event: 7.261 GC heap before
{Heap before GC invocations=8 (full 1):
 PSYoungGen      total 77312K, used 66560K [0x00000000d5580000, 0x00000000dab80000, 0x0000000100000000)
  eden space 66560K, 100% used [0x00000000d5580000,0x00000000d9680000,0x00000000d9680000)
  from space 10752K, 0% used [0x00000000da100000,0x00000000da100000,0x00000000dab80000)
  to   space 10752K, 0% used [0x00000000d9680000,0x00000000d9680000,0x00000000da100000)
 ParOldGen       total 57856K, used 9814K [0x0000000080000000, 0x0000000083880000, 0x00000000d5580000)
  object space 57856K, 16% used [0x0000000080000000,0x0000000080995938,0x0000000083880000)
 Metaspace       used 28932K, capacity 29576K, committed 29824K, reserved 1075200K
  class space    used 4009K, capacity 4223K, committed 4224K, reserved 1048576K
Event: 7.270 GC heap after
Heap after GC invocations=8 (full 1):
 PSYoungGen      total 77312K, used 8360K [0x00000000d5580000, 0x00000000dab80000, 0x0000000100000000)
  eden space 66560K, 0% used [0x00000000d5580000,0x00000000d5580000,0x00000000d9680000)
  from space 10752K, 77% used [0x00000000d9680000,0x00000000d9eaa008,0x00000000da100000)
  to   space 10752K, 0% used [0x00000000da100000,0x00000000da100000,0x00000000dab80000)
 ParOldGen       total 57856K, used 9822K [0x0000000080000000, 0x0000000083880000, 0x00000000d5580000)
  object space 57856K, 16% used [0x0000000080000000,0x0000000080997938,0x0000000083880000)
 Metaspace       used 28932K, capacity 29576K, committed 29824K, reserved 1075200K
  class space    used 4009K, capacity 4223K, committed 4224K, reserved 1048576K
}
Event: 8.792 GC heap before
{Heap before GC invocations=9 (full 1):
 PSYoungGen      total 77312K, used 74920K [0x00000000d5580000, 0x00000000dab80000, 0x0000000100000000)
  eden space 66560K, 100% used [0x00000000d5580000,0x00000000d9680000,0x00000000d9680000)
  from space 10752K, 77% used [0x00000000d9680000,0x00000000d9eaa008,0x00000000da100000)
  to   space 10752K, 0% used [0x00000000da100000,0x00000000da100000,0x00000000dab80000)
 ParOldGen       total 57856K, used 9822K [0x0000000080000000, 0x0000000083880000, 0x00000000d5580000)
  object space 57856K, 16% used [0x0000000080000000,0x0000000080997938,0x0000000083880000)
 Metaspace       used 32661K, capacity 33438K, committed 33536K, reserved 1077248K
  class space    used 4571K, capacity 4802K, committed 4864K, reserved 1048576K
Event: 8.805 GC heap after
Heap after GC invocations=9 (full 1):
 PSYoungGen      total 77312K, used 8965K [0x00000000d5580000, 0x00000000dab80000, 0x0000000100000000)
  eden space 66560K, 0% used [0x00000000d5580000,0x00000000d5580000,0x00000000d9680000)
  from space 10752K, 83% used [0x00000000da100000,0x00000000da9c17a8,0x00000000dab80000)
  to   space 10752K, 0% used [0x00000000d9680000,0x00000000d9680000,0x00000000da100000)
 ParOldGen       total 57856K, used 9830K [0x0000000080000000, 0x0000000083880000, 0x00000000d5580000)
  object space 57856K, 16% used [0x0000000080000000,0x0000000080999938,0x0000000083880000)
 Metaspace       used 32661K, capacity 33438K, committed 33536K, reserved 1077248K
  class space    used 4571K, capacity 4802K, committed 4864K, reserved 1048576K
}

