# JRE version: Java(TM) SE Runtime Environment (8.0_241-b07) (build 1.8.0_241-b07)
# Java VM: Java HotSpot(TM) 64-Bit Server VM (25.241-b07 mixed mode windows-amd64 compressed oops)
Heap:
 PSYoungGen      total 66048K, used 30687K [0x00000000d5580000, 0x00000000dac80000, 0x0000000100000000)
  eden space 58368K, 39% used [0x00000000d5580000,0x00000000d6c2be58,0x00000000d8e80000)
  from space 7680K, 97% used [0x00000000d9000000,0x00000000d974c010,0x00000000d9780000)
  to   space 15360K, 0% used [0x00000000d9d80000,0x00000000d9d80000,0x00000000dac80000)
 ParOldGen       total 87552K, used 55657K [0x0000000080000000, 0x0000000085580000, 0x00000000d5580000)
  object space 87552K, 63% used [0x0000000080000000,0x000000008365a448,0x0000000085580000)
 Metaspace       used 76187K, capacity 80052K, committed 80384K, reserved 1118208K
  class space    used 10398K, capacity 11175K, committed 11264K, reserved 1048576K
GC Heap History (10 events):
Event: 442.303 GC heap before
{Heap before GC invocations=32 (full 3):
 PSYoungGen      total 79360K, used 74788K [0x00000000d5580000, 0x00000000db780000, 0x0000000100000000)
  eden space 64512K, 100% used [0x00000000d5580000,0x00000000d9480000,0x00000000d9480000)
  from space 14848K, 69% used [0x00000000da380000,0x00000000dad893a8,0x00000000db200000)
  to   space 15360K, 0% used [0x00000000d9480000,0x00000000d9480000,0x00000000da380000)
 ParOldGen       total 87552K, used 49826K [0x0000000080000000, 0x0000000085580000, 0x00000000d5580000)
  object space 87552K, 56% used [0x0000000080000000,0x00000000830a8bd8,0x0000000085580000)
 Metaspace       used 71812K, capacity 75152K, committed 75264K, reserved 1114112K
  class space    used 9740K, capacity 10459K, committed 10496K, reserved 1048576K
Event: 442.309 GC heap after
Heap after GC invocations=32 (full 3):
 PSYoungGen      total 79872K, used 4351K [0x00000000d5580000, 0x00000000dbd80000, 0x0000000100000000)
  eden space 64512K, 0% used [0x00000000d5580000,0x00000000d5580000,0x00000000d9480000)
  from space 15360K, 28% used [0x00000000d9480000,0x00000000d98bfe80,0x00000000da380000)
  to   space 15360K, 0% used [0x00000000dae80000,0x00000000dae80000,0x00000000dbd80000)
 ParOldGen       total 87552K, used 50639K [0x0000000080000000, 0x0000000085580000, 0x00000000d5580000)
  object space 87552K, 57% used [0x0000000080000000,0x0000000083173e50,0x0000000085580000)
 Metaspace       used 71812K, capacity 75152K, committed 75264K, reserved 1114112K
  class space    used 9740K, capacity 10459K, committed 10496K, reserved 1048576K
}
Event: 443.890 GC heap before
{Heap before GC invocations=33 (full 3):
 PSYoungGen      total 79872K, used 68863K [0x00000000d5580000, 0x00000000dbd80000, 0x0000000100000000)
  eden space 64512K, 100% used [0x00000000d5580000,0x00000000d9480000,0x00000000d9480000)
  from space 15360K, 28% used [0x00000000d9480000,0x00000000d98bfe80,0x00000000da380000)
  to   space 15360K, 0% used [0x00000000dae80000,0x00000000dae80000,0x00000000dbd80000)
 ParOldGen       total 87552K, used 50639K [0x0000000080000000, 0x0000000085580000, 0x00000000d5580000)
  object space 87552K, 57% used [0x0000000080000000,0x0000000083173e50,0x0000000085580000)
 Metaspace       used 72142K, capacity 75546K, committed 75904K, reserved 1114112K
  class space    used 9781K, capacity 10508K, committed 10624K, reserved 1048576K
Event: 443.894 GC heap after
Heap after GC invocations=33 (full 3):
 PSYoungGen      total 65536K, used 2240K [0x00000000d5580000, 0x00000000db100000, 0x0000000100000000)
  eden space 62976K, 0% used [0x00000000d5580000,0x00000000d5580000,0x00000000d9300000)
  from space 2560K, 87% used [0x00000000dae80000,0x00000000db0b0000,0x00000000db100000)
  to   space 15360K, 0% used [0x00000000d9300000,0x00000000d9300000,0x00000000da200000)
 ParOldGen       total 87552K, used 51756K [0x0000000080000000, 0x0000000085580000, 0x00000000d5580000)
  object space 87552K, 59% used [0x0000000080000000,0x000000008328b280,0x0000000085580000)
 Metaspace       used 72142K, capacity 75546K, committed 75904K, reserved 1114112K
  class space    used 9781K, capacity 10508K, committed 10624K, reserved 1048576K
}
Event: 445.715 GC heap before
{Heap before GC invocations=34 (full 3):
 PSYoungGen      total 65536K, used 65216K [0x00000000d5580000, 0x00000000db100000, 0x0000000100000000)
  eden space 62976K, 100% used [0x00000000d5580000,0x00000000d9300000,0x00000000d9300000)
  from space 2560K, 87% used [0x00000000dae80000,0x00000000db0b0000,0x00000000db100000)
  to   space 15360K, 0% used [0x00000000d9300000,0x00000000d9300000,0x00000000da200000)
 ParOldGen       total 87552K, used 51756K [0x0000000080000000, 0x0000000085580000, 0x00000000d5580000)
  object space 87552K, 59% used [0x0000000080000000,0x000000008328b280,0x0000000085580000)
 Metaspace       used 74972K, capacity 78632K, committed 78848K, reserved 1118208K
  class space    used 10248K, capacity 10969K, committed 11008K, reserved 1048576K
Event: 445.724 GC heap after
Heap after GC invocations=34 (full 3):
 PSYoungGen      total 76800K, used 13027K [0x00000000d5580000, 0x00000000db280000, 0x0000000100000000)
  eden space 61440K, 0% used [0x00000000d5580000,0x00000000d5580000,0x00000000d9180000)
  from space 15360K, 84% used [0x00000000d9300000,0x00000000d9fb8eb0,0x00000000da200000)
  to   space 16896K, 0% used [0x00000000da200000,0x00000000da200000,0x00000000db280000)
 ParOldGen       total 87552K, used 53640K [0x0000000080000000, 0x0000000085580000, 0x00000000d5580000)
  object space 87552K, 61% used [0x0000000080000000,0x00000000834623f8,0x0000000085580000)
 Metaspace       used 74972K, capacity 78632K, committed 78848K, reserved 1118208K
  class space    used 10248K, capacity 10969K, committed 11008K, reserved 1048576K
}
Event: 489.760 GC heap before
{Heap before GC invocations=35 (full 3):
 PSYoungGen      total 76800K, used 74467K [0x00000000d5580000, 0x00000000db280000, 0x0000000100000000)
  eden space 61440K, 100% used [0x00000000d5580000,0x00000000d9180000,0x00000000d9180000)
  from space 15360K, 84% used [0x00000000d9300000,0x00000000d9fb8eb0,0x00000000da200000)
  to   space 16896K, 0% used [0x00000000da200000,0x00000000da200000,0x00000000db280000)
 ParOldGen       total 87552K, used 53640K [0x0000000080000000, 0x0000000085580000, 0x00000000d5580000)
  object space 87552K, 61% used [0x0000000080000000,0x00000000834623f8,0x0000000085580000)
 Metaspace       used 76091K, capacity 79868K, committed 80128K, reserved 1118208K
  class space    used 10385K, capacity 11155K, committed 11264K, reserved 1048576K
Event: 489.772 GC heap after
Heap after GC invocations=35 (full 3):
 PSYoungGen      total 73216K, used 6902K [0x00000000d5580000, 0x00000000daf00000, 0x0000000100000000)
  eden space 59904K, 0% used [0x00000000d5580000,0x00000000d5580000,0x00000000d9000000)
  from space 13312K, 51% used [0x00000000da200000,0x00000000da8bd8d8,0x00000000daf00000)
  to   space 15872K, 0% used [0x00000000d9000000,0x00000000d9000000,0x00000000d9f80000)
 ParOldGen       total 87552K, used 55649K [0x0000000080000000, 0x0000000085580000, 0x00000000d5580000)
  object space 87552K, 63% used [0x0000000080000000,0x0000000083658448,0x0000000085580000)
 Metaspace       used 76091K, capacity 79868K, committed 80128K, reserved 1118208K
  class space    used 10385K, capacity 11155K, committed 11264K, reserved 1048576K
}
Event: 490.431 GC heap before
{Heap before GC invocations=36 (full 3):
 PSYoungGen      total 73216K, used 66806K [0x00000000d5580000, 0x00000000daf00000, 0x0000000100000000)
  eden space 59904K, 100% used [0x00000000d5580000,0x00000000d9000000,0x00000000d9000000)
  from space 13312K, 51% used [0x00000000da200000,0x00000000da8bd8d8,0x00000000daf00000)
  to   space 15872K, 0% used [0x00000000d9000000,0x00000000d9000000,0x00000000d9f80000)
 ParOldGen       total 87552K, used 55649K [0x0000000080000000, 0x0000000085580000, 0x00000000d5580000)
  object space 87552K, 63% used [0x0000000080000000,0x0000000083658448,0x0000000085580000)
 Metaspace       used 76166K, capacity 80052K, committed 80384K, reserved 1118208K
  class space    used 10398K, capacity 11175K, committed 11264K, reserved 1048576K
Event: 490.440 GC heap after
Heap after GC invocations=36 (full 3):
 PSYoungGen      total 66048K, used 7472K [0x00000000d5580000, 0x00000000dac80000, 0x0000000100000000)
  eden space 58368K, 0% used [0x00000000d5580000,0x00000000d5580000,0x00000000d8e80000)
  from space 7680K, 97% used [0x00000000d9000000,0x00000000d974c010,0x00000000d9780000)
  to   space 15360K, 0% used [0x00000000d9d80000,0x00000000d9d80000,0x00000000dac80000)
 ParOldGen       total 87552K, used 55657K [0x0000000080000000, 0x0000000085580000, 0x00000000d5580000)
  object space 87552K, 63% used [0x0000000080000000,0x000000008365a448,0x0000000085580000)
 Metaspace       used 76166K, capacity 80052K, committed 80384K, reserved 1118208K
  class space    used 10398K, capacity 11175K, committed 11264K, reserved 1048576K
}

