# JRE version: Java(TM) SE Runtime Environment (8.0_241-b07) (build 1.8.0_241-b07)
# Java VM: Java HotSpot(TM) 64-Bit Server VM (25.241-b07 mixed mode windows-amd64 compressed oops)
Heap:
 PSYoungGen      total 269824K, used 123215K [0x00000000d5580000, 0x00000000ea400000, 0x0000000100000000)
  eden space 219136K, 53% used [0x00000000d5580000,0x00000000dc873d10,0x00000000e2b80000)
  from space 50688K, 10% used [0x00000000e2b80000,0x00000000e30e0030,0x00000000e5d00000)
  to   space 48640K, 0% used [0x00000000e7480000,0x00000000e7480000,0x00000000ea400000)
 ParOldGen       total 254976K, used 147053K [0x0000000080000000, 0x000000008f900000, 0x00000000d5580000)
  object space 254976K, 57% used [0x0000000080000000,0x0000000088f9b620,0x000000008f900000)
 Metaspace       used 93161K, capacity 96240K, committed 98068K, reserved 1134592K
  class space    used 12189K, capacity 12881K, committed 13332K, reserved 1048576K
GC Heap History (10 events):
Event: 3848.425 GC heap before
{Heap before GC invocations=50 (full 5):
 PSYoungGen      total 226304K, used 14364K [0x00000000d5580000, 0x00000000e8080000, 0x0000000100000000)
  eden space 166912K, 0% used [0x00000000d5580000,0x00000000d5580000,0x00000000df880000)
  from space 59392K, 24% used [0x00000000df880000,0x00000000e06871d0,0x00000000e3280000)
  to   space 55808K, 0% used [0x00000000e4a00000,0x00000000e4a00000,0x00000000e8080000)
 ParOldGen       total 214016K, used 201571K [0x0000000080000000, 0x000000008d100000, 0x00000000d5580000)
  object space 214016K, 94% used [0x0000000080000000,0x000000008c4d8c38,0x000000008d100000)
 Metaspace       used 93110K, capacity 96202K, committed 98068K, reserved 1134592K
  class space    used 12205K, capacity 12931K, committed 13332K, reserved 1048576K
Event: 3848.807 GC heap after
Heap after GC invocations=50 (full 5):
 PSYoungGen      total 226304K, used 0K [0x00000000d5580000, 0x00000000e8080000, 0x0000000100000000)
  eden space 166912K, 0% used [0x00000000d5580000,0x00000000d5580000,0x00000000df880000)
  from space 59392K, 0% used [0x00000000df880000,0x00000000df880000,0x00000000e3280000)
  to   space 55808K, 0% used [0x00000000e4a00000,0x00000000e4a00000,0x00000000e8080000)
 ParOldGen       total 254976K, used 135009K [0x0000000080000000, 0x000000008f900000, 0x00000000d5580000)
  object space 254976K, 52% used [0x0000000080000000,0x00000000883d84f0,0x000000008f900000)
 Metaspace       used 93024K, capacity 96048K, committed 98068K, reserved 1134592K
  class space    used 12187K, capacity 12881K, committed 13332K, reserved 1048576K
}
Event: 3851.776 GC heap before
{Heap before GC invocations=51 (full 5):
 PSYoungGen      total 226304K, used 166912K [0x00000000d5580000, 0x00000000e8080000, 0x0000000100000000)
  eden space 166912K, 100% used [0x00000000d5580000,0x00000000df880000,0x00000000df880000)
  from space 59392K, 0% used [0x00000000df880000,0x00000000df880000,0x00000000e3280000)
  to   space 55808K, 0% used [0x00000000e4a00000,0x00000000e4a00000,0x00000000e8080000)
 ParOldGen       total 254976K, used 135009K [0x0000000080000000, 0x000000008f900000, 0x00000000d5580000)
  object space 254976K, 52% used [0x0000000080000000,0x00000000883d84f0,0x000000008f900000)
 Metaspace       used 93075K, capacity 96112K, committed 98068K, reserved 1134592K
  class space    used 12188K, capacity 12881K, committed 13332K, reserved 1048576K
Event: 3851.783 GC heap after
Heap after GC invocations=51 (full 5):
 PSYoungGen      total 245248K, used 4288K [0x00000000d5580000, 0x00000000e7d00000, 0x0000000100000000)
  eden space 193024K, 0% used [0x00000000d5580000,0x00000000d5580000,0x00000000e1200000)
  from space 52224K, 8% used [0x00000000e4a00000,0x00000000e4e30000,0x00000000e7d00000)
  to   space 54784K, 0% used [0x00000000e1200000,0x00000000e1200000,0x00000000e4780000)
 ParOldGen       total 254976K, used 135017K [0x0000000080000000, 0x000000008f900000, 0x00000000d5580000)
  object space 254976K, 52% used [0x0000000080000000,0x00000000883da4f0,0x000000008f900000)
 Metaspace       used 93075K, capacity 96112K, committed 98068K, reserved 1134592K
  class space    used 12188K, capacity 12881K, committed 13332K, reserved 1048576K
}
Event: 3855.026 GC heap before
{Heap before GC invocations=52 (full 5):
 PSYoungGen      total 245248K, used 197312K [0x00000000d5580000, 0x00000000e7d00000, 0x0000000100000000)
  eden space 193024K, 100% used [0x00000000d5580000,0x00000000e1200000,0x00000000e1200000)
  from space 52224K, 8% used [0x00000000e4a00000,0x00000000e4e30000,0x00000000e7d00000)
  to   space 54784K, 0% used [0x00000000e1200000,0x00000000e1200000,0x00000000e4780000)
 ParOldGen       total 254976K, used 135017K [0x0000000080000000, 0x000000008f900000, 0x00000000d5580000)
  object space 254976K, 52% used [0x0000000080000000,0x00000000883da4f0,0x000000008f900000)
 Metaspace       used 93102K, capacity 96176K, committed 98068K, reserved 1134592K
  class space    used 12188K, capacity 12881K, committed 13332K, reserved 1048576K
Event: 3855.039 GC heap after
Heap after GC invocations=52 (full 5):
 PSYoungGen      total 247808K, used 5072K [0x00000000d5580000, 0x00000000e9480000, 0x0000000100000000)
  eden space 193024K, 0% used [0x00000000d5580000,0x00000000d5580000,0x00000000e1200000)
  from space 54784K, 9% used [0x00000000e1200000,0x00000000e16f4090,0x00000000e4780000)
  to   space 52736K, 0% used [0x00000000e6100000,0x00000000e6100000,0x00000000e9480000)
 ParOldGen       total 254976K, used 138553K [0x0000000080000000, 0x000000008f900000, 0x00000000d5580000)
  object space 254976K, 54% used [0x0000000080000000,0x000000008874e500,0x000000008f900000)
 Metaspace       used 93102K, capacity 96176K, committed 98068K, reserved 1134592K
  class space    used 12188K, capacity 12881K, committed 13332K, reserved 1048576K
}
Event: 3857.744 GC heap before
{Heap before GC invocations=53 (full 5):
 PSYoungGen      total 247808K, used 198096K [0x00000000d5580000, 0x00000000e9480000, 0x0000000100000000)
  eden space 193024K, 100% used [0x00000000d5580000,0x00000000e1200000,0x00000000e1200000)
  from space 54784K, 9% used [0x00000000e1200000,0x00000000e16f4090,0x00000000e4780000)
  to   space 52736K, 0% used [0x00000000e6100000,0x00000000e6100000,0x00000000e9480000)
 ParOldGen       total 254976K, used 138553K [0x0000000080000000, 0x000000008f900000, 0x00000000d5580000)
  object space 254976K, 54% used [0x0000000080000000,0x000000008874e500,0x000000008f900000)
 Metaspace       used 93118K, capacity 96176K, committed 98068K, reserved 1134592K
  class space    used 12188K, capacity 12881K, committed 13332K, reserved 1048576K
Event: 3857.757 GC heap after
Heap after GC invocations=53 (full 5):
 PSYoungGen      total 265728K, used 5056K [0x00000000d5580000, 0x00000000e8e80000, 0x0000000100000000)
  eden space 219136K, 0% used [0x00000000d5580000,0x00000000d5580000,0x00000000e2b80000)
  from space 46592K, 10% used [0x00000000e6100000,0x00000000e65f00c0,0x00000000e8e80000)
  to   space 50688K, 0% used [0x00000000e2b80000,0x00000000e2b80000,0x00000000e5d00000)
 ParOldGen       total 254976K, used 142717K [0x0000000080000000, 0x000000008f900000, 0x00000000d5580000)
  object space 254976K, 55% used [0x0000000080000000,0x0000000088b5f560,0x000000008f900000)
 Metaspace       used 93118K, capacity 96176K, committed 98068K, reserved 1134592K
  class space    used 12188K, capacity 12881K, committed 13332K, reserved 1048576K
}
Event: 3861.508 GC heap before
{Heap before GC invocations=54 (full 5):
 PSYoungGen      total 265728K, used 224192K [0x00000000d5580000, 0x00000000e8e80000, 0x0000000100000000)
  eden space 219136K, 100% used [0x00000000d5580000,0x00000000e2b80000,0x00000000e2b80000)
  from space 46592K, 10% used [0x00000000e6100000,0x00000000e65f00c0,0x00000000e8e80000)
  to   space 50688K, 0% used [0x00000000e2b80000,0x00000000e2b80000,0x00000000e5d00000)
 ParOldGen       total 254976K, used 142717K [0x0000000080000000, 0x000000008f900000, 0x00000000d5580000)
  object space 254976K, 55% used [0x0000000080000000,0x0000000088b5f560,0x000000008f900000)
 Metaspace       used 93123K, capacity 96176K, committed 98068K, reserved 1134592K
  class space    used 12188K, capacity 12881K, committed 13332K, reserved 1048576K
Event: 3861.522 GC heap after
Heap after GC invocations=54 (full 5):
 PSYoungGen      total 269824K, used 5504K [0x00000000d5580000, 0x00000000ea400000, 0x0000000100000000)
  eden space 219136K, 0% used [0x00000000d5580000,0x00000000d5580000,0x00000000e2b80000)
  from space 50688K, 10% used [0x00000000e2b80000,0x00000000e30e0030,0x00000000e5d00000)
  to   space 48640K, 0% used [0x00000000e7480000,0x00000000e7480000,0x00000000ea400000)
 ParOldGen       total 254976K, used 147053K [0x0000000080000000, 0x000000008f900000, 0x00000000d5580000)
  object space 254976K, 57% used [0x0000000080000000,0x0000000088f9b620,0x000000008f900000)
 Metaspace       used 93123K, capacity 96176K, committed 98068K, reserved 1134592K
  class space    used 12188K, capacity 12881K, committed 13332K, reserved 1048576K
}

