# JRE version: Java(TM) SE Runtime Environment (8.0_241-b07) (build 1.8.0_241-b07)
# Java VM: Java HotSpot(TM) 64-Bit Server VM (25.241-b07 mixed mode windows-amd64 compressed oops)
Heap:
 PSYoungGen      total 619008K, used 512239K [0x00000000d5580000, 0x00000000ff880000, 0x0000000100000000)
  eden space 559104K, 88% used [0x00000000d5580000,0x00000000f37c3c60,0x00000000f7780000)
  from space 59904K, 30% used [0x00000000f7780000,0x00000000f8978138,0x00000000fb200000)
  to   space 56832K, 0% used [0x00000000fc100000,0x00000000fc100000,0x00000000ff880000)
 ParOldGen       total 278016K, used 138798K [0x0000000080000000, 0x0000000090f80000, 0x00000000d5580000)
  object space 278016K, 49% used [0x0000000080000000,0x000000008878b848,0x0000000090f80000)
 Metaspace       used 97883K, capacity 103244K, committed 104320K, reserved 1138688K
  class space    used 12915K, capacity 13941K, committed 14208K, reserved 1048576K
GC Heap History (10 events):
Event: 799.787 GC heap before
{Heap before GC invocations=38 (full 4):
 PSYoungGen      total 467456K, used 409987K [0x00000000d5580000, 0x00000000fa500000, 0x0000000100000000)
  eden space 394752K, 100% used [0x00000000d5580000,0x00000000ed700000,0x00000000ed700000)
  from space 72704K, 20% used [0x00000000ed700000,0x00000000ee5e0de8,0x00000000f1e00000)
  to   space 69120K, 0% used [0x00000000f6180000,0x00000000f6180000,0x00000000fa500000)
 ParOldGen       total 266752K, used 225413K [0x0000000080000000, 0x0000000090480000, 0x00000000d5580000)
  object space 266752K, 84% used [0x0000000080000000,0x000000008dc21728,0x0000000090480000)
 Metaspace       used 97872K, capacity 103744K, committed 103936K, reserved 1138688K
  class space    used 12988K, capacity 14067K, committed 14080K, reserved 1048576K
Event: 799.813 GC heap after
Heap after GC invocations=38 (full 4):
 PSYoungGen      total 532480K, used 11380K [0x00000000d5580000, 0x00000000fa080000, 0x0000000100000000)
  eden space 467968K, 0% used [0x00000000d5580000,0x00000000d5580000,0x00000000f1e80000)
  from space 64512K, 17% used [0x00000000f6180000,0x00000000f6c9d138,0x00000000fa080000)
  to   space 66560K, 0% used [0x00000000f1e80000,0x00000000f1e80000,0x00000000f5f80000)
 ParOldGen       total 266752K, used 235281K [0x0000000080000000, 0x0000000090480000, 0x00000000d5580000)
  object space 266752K, 88% used [0x0000000080000000,0x000000008e5c4470,0x0000000090480000)
 Metaspace       used 97872K, capacity 103744K, committed 103936K, reserved 1138688K
  class space    used 12988K, capacity 14067K, committed 14080K, reserved 1048576K
}
Event: 800.594 GC heap before
{Heap before GC invocations=39 (full 4):
 PSYoungGen      total 532480K, used 479348K [0x00000000d5580000, 0x00000000fa080000, 0x0000000100000000)
  eden space 467968K, 100% used [0x00000000d5580000,0x00000000f1e80000,0x00000000f1e80000)
  from space 64512K, 17% used [0x00000000f6180000,0x00000000f6c9d138,0x00000000fa080000)
  to   space 66560K, 0% used [0x00000000f1e80000,0x00000000f1e80000,0x00000000f5f80000)
 ParOldGen       total 266752K, used 235281K [0x0000000080000000, 0x0000000090480000, 0x00000000d5580000)
  object space 266752K, 88% used [0x0000000080000000,0x000000008e5c4470,0x0000000090480000)
 Metaspace       used 97917K, capacity 103744K, committed 103936K, reserved 1138688K
  class space    used 12988K, capacity 14067K, committed 14080K, reserved 1048576K
Event: 800.627 GC heap after
Heap after GC invocations=39 (full 4):
 PSYoungGen      total 534528K, used 15474K [0x00000000d5580000, 0x00000000fef80000, 0x0000000100000000)
  eden space 467968K, 0% used [0x00000000d5580000,0x00000000d5580000,0x00000000f1e80000)
  from space 66560K, 23% used [0x00000000f1e80000,0x00000000f2d9c9e0,0x00000000f5f80000)
  to   space 62976K, 0% used [0x00000000fb200000,0x00000000fb200000,0x00000000fef80000)
 ParOldGen       total 266752K, used 242450K [0x0000000080000000, 0x0000000090480000, 0x00000000d5580000)
  object space 266752K, 90% used [0x0000000080000000,0x000000008ecc4bd8,0x0000000090480000)
 Metaspace       used 97917K, capacity 103744K, committed 103936K, reserved 1138688K
  class space    used 12988K, capacity 14067K, committed 14080K, reserved 1048576K
}
Event: 800.627 GC heap before
{Heap before GC invocations=40 (full 5):
 PSYoungGen      total 534528K, used 15474K [0x00000000d5580000, 0x00000000fef80000, 0x0000000100000000)
  eden space 467968K, 0% used [0x00000000d5580000,0x00000000d5580000,0x00000000f1e80000)
  from space 66560K, 23% used [0x00000000f1e80000,0x00000000f2d9c9e0,0x00000000f5f80000)
  to   space 62976K, 0% used [0x00000000fb200000,0x00000000fb200000,0x00000000fef80000)
 ParOldGen       total 266752K, used 242450K [0x0000000080000000, 0x0000000090480000, 0x00000000d5580000)
  object space 266752K, 90% used [0x0000000080000000,0x000000008ecc4bd8,0x0000000090480000)
 Metaspace       used 97917K, capacity 103744K, committed 103936K, reserved 1138688K
  class space    used 12988K, capacity 14067K, committed 14080K, reserved 1048576K
Event: 800.873 GC heap after
Heap after GC invocations=40 (full 5):
 PSYoungGen      total 534528K, used 0K [0x00000000d5580000, 0x00000000fef80000, 0x0000000100000000)
  eden space 467968K, 0% used [0x00000000d5580000,0x00000000d5580000,0x00000000f1e80000)
  from space 66560K, 0% used [0x00000000f1e80000,0x00000000f1e80000,0x00000000f5f80000)
  to   space 62976K, 0% used [0x00000000fb200000,0x00000000fb200000,0x00000000fef80000)
 ParOldGen       total 278016K, used 119171K [0x0000000080000000, 0x0000000090f80000, 0x00000000d5580000)
  object space 278016K, 42% used [0x0000000080000000,0x0000000087460fb8,0x0000000090f80000)
 Metaspace       used 97642K, capacity 103004K, committed 103936K, reserved 1138688K
  class space    used 12893K, capacity 13907K, committed 14080K, reserved 1048576K
}
Event: 801.557 GC heap before
{Heap before GC invocations=41 (full 5):
 PSYoungGen      total 534528K, used 467968K [0x00000000d5580000, 0x00000000fef80000, 0x0000000100000000)
  eden space 467968K, 100% used [0x00000000d5580000,0x00000000f1e80000,0x00000000f1e80000)
  from space 66560K, 0% used [0x00000000f1e80000,0x00000000f1e80000,0x00000000f5f80000)
  to   space 62976K, 0% used [0x00000000fb200000,0x00000000fb200000,0x00000000fef80000)
 ParOldGen       total 278016K, used 119171K [0x0000000080000000, 0x0000000090f80000, 0x00000000d5580000)
  object space 278016K, 42% used [0x0000000080000000,0x0000000087460fb8,0x0000000090f80000)
 Metaspace       used 97700K, capacity 103068K, committed 103936K, reserved 1138688K
  class space    used 12896K, capacity 13907K, committed 14080K, reserved 1048576K
Event: 801.586 GC heap after
Heap after GC invocations=41 (full 5):
 PSYoungGen      total 620544K, used 24195K [0x00000000d5580000, 0x00000000fee00000, 0x0000000100000000)
  eden space 559104K, 0% used [0x00000000d5580000,0x00000000d5580000,0x00000000f7780000)
  from space 61440K, 39% used [0x00000000fb200000,0x00000000fc9a0fc0,0x00000000fee00000)
  to   space 59904K, 0% used [0x00000000f7780000,0x00000000f7780000,0x00000000fb200000)
 ParOldGen       total 278016K, used 119179K [0x0000000080000000, 0x0000000090f80000, 0x00000000d5580000)
  object space 278016K, 42% used [0x0000000080000000,0x0000000087462fb8,0x0000000090f80000)
 Metaspace       used 97700K, capacity 103068K, committed 103936K, reserved 1138688K
  class space    used 12896K, capacity 13907K, committed 14080K, reserved 1048576K
}
Event: 802.397 GC heap before
{Heap before GC invocations=42 (full 5):
 PSYoungGen      total 620544K, used 583299K [0x00000000d5580000, 0x00000000fee00000, 0x0000000100000000)
  eden space 559104K, 100% used [0x00000000d5580000,0x00000000f7780000,0x00000000f7780000)
  from space 61440K, 39% used [0x00000000fb200000,0x00000000fc9a0fc0,0x00000000fee00000)
  to   space 59904K, 0% used [0x00000000f7780000,0x00000000f7780000,0x00000000fb200000)
 ParOldGen       total 278016K, used 119179K [0x0000000080000000, 0x0000000090f80000, 0x00000000d5580000)
  object space 278016K, 42% used [0x0000000080000000,0x0000000087462fb8,0x0000000090f80000)
 Metaspace       used 97802K, capacity 103168K, committed 104064K, reserved 1138688K
  class space    used 12915K, capacity 13941K, committed 14208K, reserved 1048576K
Event: 802.427 GC heap after
Heap after GC invocations=42 (full 5):
 PSYoungGen      total 619008K, used 18400K [0x00000000d5580000, 0x00000000ff880000, 0x0000000100000000)
  eden space 559104K, 0% used [0x00000000d5580000,0x00000000d5580000,0x00000000f7780000)
  from space 59904K, 30% used [0x00000000f7780000,0x00000000f8978138,0x00000000fb200000)
  to   space 56832K, 0% used [0x00000000fc100000,0x00000000fc100000,0x00000000ff880000)
 ParOldGen       total 278016K, used 138798K [0x0000000080000000, 0x0000000090f80000, 0x00000000d5580000)
  object space 278016K, 49% used [0x0000000080000000,0x000000008878b848,0x0000000090f80000)
 Metaspace       used 97802K, capacity 103168K, committed 104064K, reserved 1138688K
  class space    used 12915K, capacity 13941K, committed 14208K, reserved 1048576K
}

