# JRE version: Java(TM) SE Runtime Environment (8.0_241-b07) (build 1.8.0_241-b07)
# Java VM: Java HotSpot(TM) 64-Bit Server VM (25.241-b07 mixed mode windows-amd64 compressed oops)
Heap:
 PSYoungGen      total 384512K, used 320184K [0x00000000d5580000, 0x00000000f5780000, 0x0000000100000000)
  eden space 251904K, 99% used [0x00000000d5580000,0x00000000e4a36ad8,0x00000000e4b80000)
  from space 132608K, 52% used [0x00000000e4b80000,0x00000000e8f77558,0x00000000ecd00000)
  to   space 125952K, 0% used [0x00000000ecd00000,0x00000000ecd00000,0x00000000f4800000)
 ParOldGen       total 268800K, used 232319K [0x0000000080000000, 0x0000000090680000, 0x00000000d5580000)
  object space 268800K, 86% used [0x0000000080000000,0x000000008e2dfd70,0x0000000090680000)
 Metaspace       used 98935K, capacity 104446K, committed 104576K, reserved 1140736K
  class space    used 13028K, capacity 14085K, committed 14208K, reserved 1048576K
GC Heap History (10 events):
Event: 3001.424 GC heap before
{Heap before GC invocations=41 (full 4):
 PSYoungGen      total 345088K, used 345059K [0x00000000d5580000, 0x00000000f3180000, 0x0000000100000000)
  eden space 242176K, 100% used [0x00000000d5580000,0x00000000e4200000,0x00000000e4200000)
  from space 102912K, 99% used [0x00000000eb600000,0x00000000f1a78ea8,0x00000000f1a80000)
  to   space 118784K, 0% used [0x00000000e4200000,0x00000000e4200000,0x00000000eb600000)
 ParOldGen       total 268800K, used 205195K [0x0000000080000000, 0x0000000090680000, 0x00000000d5580000)
  object space 268800K, 76% used [0x0000000080000000,0x000000008c862ea0,0x0000000090680000)
 Metaspace       used 98875K, capacity 104382K, committed 104576K, reserved 1140736K
  class space    used 13028K, capacity 14085K, committed 14208K, reserved 1048576K
Event: 3001.499 GC heap after
Heap after GC invocations=41 (full 4):
 PSYoungGen      total 360960K, used 96651K [0x00000000d5580000, 0x00000000f4800000, 0x0000000100000000)
  eden space 242176K, 0% used [0x00000000d5580000,0x00000000d5580000,0x00000000e4200000)
  from space 118784K, 81% used [0x00000000e4200000,0x00000000ea062d90,0x00000000eb600000)
  to   space 125952K, 0% used [0x00000000ecd00000,0x00000000ecd00000,0x00000000f4800000)
 ParOldGen       total 268800K, used 215246K [0x0000000080000000, 0x0000000090680000, 0x00000000d5580000)
  object space 268800K, 80% used [0x0000000080000000,0x000000008d233a00,0x0000000090680000)
 Metaspace       used 98875K, capacity 104382K, committed 104576K, reserved 1140736K
  class space    used 13028K, capacity 14085K, committed 14208K, reserved 1048576K
}
Event: 3004.503 GC heap before
{Heap before GC invocations=42 (full 4):
 PSYoungGen      total 360960K, used 338827K [0x00000000d5580000, 0x00000000f4800000, 0x0000000100000000)
  eden space 242176K, 100% used [0x00000000d5580000,0x00000000e4200000,0x00000000e4200000)
  from space 118784K, 81% used [0x00000000e4200000,0x00000000ea062d90,0x00000000eb600000)
  to   space 125952K, 0% used [0x00000000ecd00000,0x00000000ecd00000,0x00000000f4800000)
 ParOldGen       total 268800K, used 215246K [0x0000000080000000, 0x0000000090680000, 0x00000000d5580000)
  object space 268800K, 80% used [0x0000000080000000,0x000000008d233a00,0x0000000090680000)
 Metaspace       used 98879K, capacity 104382K, committed 104576K, reserved 1140736K
  class space    used 13028K, capacity 14085K, committed 14208K, reserved 1048576K
Event: 3004.565 GC heap after
Heap after GC invocations=42 (full 4):
 PSYoungGen      total 377856K, used 98631K [0x00000000d5580000, 0x00000000f5780000, 0x0000000100000000)
  eden space 251904K, 0% used [0x00000000d5580000,0x00000000d5580000,0x00000000e4b80000)
  from space 125952K, 78% used [0x00000000ecd00000,0x00000000f2d51fb8,0x00000000f4800000)
  to   space 132608K, 0% used [0x00000000e4b80000,0x00000000e4b80000,0x00000000ecd00000)
 ParOldGen       total 268800K, used 215254K [0x0000000080000000, 0x0000000090680000, 0x00000000d5580000)
  object space 268800K, 80% used [0x0000000080000000,0x000000008d235a00,0x0000000090680000)
 Metaspace       used 98879K, capacity 104382K, committed 104576K, reserved 1140736K
  class space    used 13028K, capacity 14085K, committed 14208K, reserved 1048576K
}
Event: 3009.614 GC heap before
{Heap before GC invocations=43 (full 4):
 PSYoungGen      total 377856K, used 350535K [0x00000000d5580000, 0x00000000f5780000, 0x0000000100000000)
  eden space 251904K, 100% used [0x00000000d5580000,0x00000000e4b80000,0x00000000e4b80000)
  from space 125952K, 78% used [0x00000000ecd00000,0x00000000f2d51fb8,0x00000000f4800000)
  to   space 132608K, 0% used [0x00000000e4b80000,0x00000000e4b80000,0x00000000ecd00000)
 ParOldGen       total 268800K, used 215254K [0x0000000080000000, 0x0000000090680000, 0x00000000d5580000)
  object space 268800K, 80% used [0x0000000080000000,0x000000008d235a00,0x0000000090680000)
 Metaspace       used 98883K, capacity 104382K, committed 104576K, reserved 1140736K
  class space    used 13028K, capacity 14085K, committed 14208K, reserved 1048576K
Event: 3009.672 GC heap after
Heap after GC invocations=43 (full 4):
 PSYoungGen      total 384512K, used 100292K [0x00000000d5580000, 0x00000000f5780000, 0x0000000100000000)
  eden space 251904K, 0% used [0x00000000d5580000,0x00000000d5580000,0x00000000e4b80000)
  from space 132608K, 75% used [0x00000000e4b80000,0x00000000ead71290,0x00000000ecd00000)
  to   space 125952K, 0% used [0x00000000ecd00000,0x00000000ecd00000,0x00000000f4800000)
 ParOldGen       total 268800K, used 215254K [0x0000000080000000, 0x0000000090680000, 0x00000000d5580000)
  object space 268800K, 80% used [0x0000000080000000,0x000000008d235a00,0x0000000090680000)
 Metaspace       used 98883K, capacity 104382K, committed 104576K, reserved 1140736K
  class space    used 13028K, capacity 14085K, committed 14208K, reserved 1048576K
}
Event: 3012.772 GC heap before
{Heap before GC invocations=44 (full 4):
 PSYoungGen      total 384512K, used 352196K [0x00000000d5580000, 0x00000000f5780000, 0x0000000100000000)
  eden space 251904K, 100% used [0x00000000d5580000,0x00000000e4b80000,0x00000000e4b80000)
  from space 132608K, 75% used [0x00000000e4b80000,0x00000000ead71290,0x00000000ecd00000)
  to   space 125952K, 0% used [0x00000000ecd00000,0x00000000ecd00000,0x00000000f4800000)
 ParOldGen       total 268800K, used 215254K [0x0000000080000000, 0x0000000090680000, 0x00000000d5580000)
  object space 268800K, 80% used [0x0000000080000000,0x000000008d235a00,0x0000000090680000)
 Metaspace       used 98891K, capacity 104382K, committed 104576K, reserved 1140736K
  class space    used 13028K, capacity 14085K, committed 14208K, reserved 1048576K
Event: 3012.835 GC heap after
Heap after GC invocations=44 (full 4):
 PSYoungGen      total 377856K, used 90265K [0x00000000d5580000, 0x00000000f5780000, 0x0000000100000000)
  eden space 251904K, 0% used [0x00000000d5580000,0x00000000d5580000,0x00000000e4b80000)
  from space 125952K, 71% used [0x00000000ecd00000,0x00000000f2526418,0x00000000f4800000)
  to   space 132608K, 0% used [0x00000000e4b80000,0x00000000e4b80000,0x00000000ecd00000)
 ParOldGen       total 268800K, used 215254K [0x0000000080000000, 0x0000000090680000, 0x00000000d5580000)
  object space 268800K, 80% used [0x0000000080000000,0x000000008d235a00,0x0000000090680000)
 Metaspace       used 98891K, capacity 104382K, committed 104576K, reserved 1140736K
  class space    used 13028K, capacity 14085K, committed 14208K, reserved 1048576K
}
Event: 3013.320 GC heap before
{Heap before GC invocations=45 (full 4):
 PSYoungGen      total 377856K, used 342169K [0x00000000d5580000, 0x00000000f5780000, 0x0000000100000000)
  eden space 251904K, 100% used [0x00000000d5580000,0x00000000e4b80000,0x00000000e4b80000)
  from space 125952K, 71% used [0x00000000ecd00000,0x00000000f2526418,0x00000000f4800000)
  to   space 132608K, 0% used [0x00000000e4b80000,0x00000000e4b80000,0x00000000ecd00000)
 ParOldGen       total 268800K, used 215254K [0x0000000080000000, 0x0000000090680000, 0x00000000d5580000)
  object space 268800K, 80% used [0x0000000080000000,0x000000008d235a00,0x0000000090680000)
 Metaspace       used 98910K, capacity 104382K, committed 104576K, reserved 1140736K
  class space    used 13028K, capacity 14085K, committed 14208K, reserved 1048576K
Event: 3013.372 GC heap after
Heap after GC invocations=45 (full 4):
 PSYoungGen      total 384512K, used 69597K [0x00000000d5580000, 0x00000000f5780000, 0x0000000100000000)
  eden space 251904K, 0% used [0x00000000d5580000,0x00000000d5580000,0x00000000e4b80000)
  from space 132608K, 52% used [0x00000000e4b80000,0x00000000e8f77558,0x00000000ecd00000)
  to   space 125952K, 0% used [0x00000000ecd00000,0x00000000ecd00000,0x00000000f4800000)
 ParOldGen       total 268800K, used 232319K [0x0000000080000000, 0x0000000090680000, 0x00000000d5580000)
  object space 268800K, 86% used [0x0000000080000000,0x000000008e2dfd70,0x0000000090680000)
 Metaspace       used 98910K, capacity 104382K, committed 104576K, reserved 1140736K
  class space    used 13028K, capacity 14085K, committed 14208K, reserved 1048576K
}

