# JRE version: Java(TM) SE Runtime Environment (8.0_241-b07) (build 1.8.0_241-b07)
# Java VM: Java HotSpot(TM) 64-Bit Server VM (25.241-b07 mixed mode windows-amd64 compressed oops)
Heap:
 PSYoungGen      total 77312K, used 63335K [0x00000000d5580000, 0x00000000dcb80000, 0x0000000100000000)
  eden space 66560K, 82% used [0x00000000d5580000,0x00000000d8acd708,0x00000000d9680000)
  from space 10752K, 81% used [0x00000000d9680000,0x00000000d9f0c890,0x00000000da100000)
  to   space 11264K, 0% used [0x00000000dc080000,0x00000000dc080000,0x00000000dcb80000)
 ParOldGen       total 63488K, used 8770K [0x0000000080000000, 0x0000000083e00000, 0x00000000d5580000)
  object space 63488K, 13% used [0x0000000080000000,0x0000000080890ab0,0x0000000083e00000)
 Metaspace       used 31865K, capacity 32620K, committed 32896K, reserved 1077248K
  class space    used 4430K, capacity 4638K, committed 4736K, reserved 1048576K
GC Heap History (10 events):
Event: 3.783 GC heap before
{Heap before GC invocations=4 (full 0):
 PSYoungGen      total 38400K, used 38400K [0x00000000d5580000, 0x00000000d8000000, 0x0000000100000000)
  eden space 33280K, 100% used [0x00000000d5580000,0x00000000d7600000,0x00000000d7600000)
  from space 5120K, 100% used [0x00000000d7600000,0x00000000d7b00000,0x00000000d7b00000)
  to   space 5120K, 0% used [0x00000000d7b00000,0x00000000d7b00000,0x00000000d8000000)
 ParOldGen       total 87552K, used 1633K [0x0000000080000000, 0x0000000085580000, 0x00000000d5580000)
  object space 87552K, 1% used [0x0000000080000000,0x00000000801984a0,0x0000000085580000)
 Metaspace       used 15570K, capacity 15950K, committed 16128K, reserved 1062912K
  class space    used 2141K, capacity 2283K, committed 2304K, reserved 1048576K
Event: 3.793 GC heap after
Heap after GC invocations=4 (full 0):
 PSYoungGen      total 38400K, used 5088K [0x00000000d5580000, 0x00000000d8000000, 0x0000000100000000)
  eden space 33280K, 0% used [0x00000000d5580000,0x00000000d5580000,0x00000000d7600000)
  from space 5120K, 99% used [0x00000000d7b00000,0x00000000d7ff8020,0x00000000d8000000)
  to   space 5120K, 0% used [0x00000000d7600000,0x00000000d7600000,0x00000000d7b00000)
 ParOldGen       total 87552K, used 4355K [0x0000000080000000, 0x0000000085580000, 0x00000000d5580000)
  object space 87552K, 4% used [0x0000000080000000,0x0000000080440fb8,0x0000000085580000)
 Metaspace       used 15570K, capacity 15950K, committed 16128K, reserved 1062912K
  class space    used 2141K, capacity 2283K, committed 2304K, reserved 1048576K
}
Event: 4.524 GC heap before
{Heap before GC invocations=5 (full 0):
 PSYoungGen      total 38400K, used 38368K [0x00000000d5580000, 0x00000000d8000000, 0x0000000100000000)
  eden space 33280K, 100% used [0x00000000d5580000,0x00000000d7600000,0x00000000d7600000)
  from space 5120K, 99% used [0x00000000d7b00000,0x00000000d7ff8020,0x00000000d8000000)
  to   space 5120K, 0% used [0x00000000d7600000,0x00000000d7600000,0x00000000d7b00000)
 ParOldGen       total 87552K, used 4355K [0x0000000080000000, 0x0000000085580000, 0x00000000d5580000)
  object space 87552K, 4% used [0x0000000080000000,0x0000000080440fb8,0x0000000085580000)
 Metaspace       used 18427K, capacity 18976K, committed 19200K, reserved 1064960K
  class space    used 2608K, capacity 2796K, committed 2816K, reserved 1048576K
Event: 4.535 GC heap after
Heap after GC invocations=5 (full 0):
 PSYoungGen      total 38400K, used 5088K [0x00000000d5580000, 0x00000000dab80000, 0x0000000100000000)
  eden space 33280K, 0% used [0x00000000d5580000,0x00000000d5580000,0x00000000d7600000)
  from space 5120K, 99% used [0x00000000d7600000,0x00000000d7af8020,0x00000000d7b00000)
  to   space 10752K, 0% used [0x00000000da100000,0x00000000da100000,0x00000000dab80000)
 ParOldGen       total 87552K, used 7722K [0x0000000080000000, 0x0000000085580000, 0x00000000d5580000)
  object space 87552K, 8% used [0x0000000080000000,0x000000008078aad0,0x0000000085580000)
 Metaspace       used 18427K, capacity 18976K, committed 19200K, reserved 1064960K
  class space    used 2608K, capacity 2796K, committed 2816K, reserved 1048576K
}
Event: 5.107 GC heap before
{Heap before GC invocations=6 (full 0):
 PSYoungGen      total 38400K, used 31383K [0x00000000d5580000, 0x00000000dab80000, 0x0000000100000000)
  eden space 33280K, 79% used [0x00000000d5580000,0x00000000d6f2dfd0,0x00000000d7600000)
  from space 5120K, 99% used [0x00000000d7600000,0x00000000d7af8020,0x00000000d7b00000)
  to   space 10752K, 0% used [0x00000000da100000,0x00000000da100000,0x00000000dab80000)
 ParOldGen       total 87552K, used 7722K [0x0000000080000000, 0x0000000085580000, 0x00000000d5580000)
  object space 87552K, 8% used [0x0000000080000000,0x000000008078aad0,0x0000000085580000)
 Metaspace       used 20602K, capacity 21256K, committed 21296K, reserved 1067008K
  class space    used 2961K, capacity 3180K, committed 3200K, reserved 1048576K
Event: 5.120 GC heap after
Heap after GC invocations=6 (full 0):
 PSYoungGen      total 77312K, used 8037K [0x00000000d5580000, 0x00000000dab80000, 0x0000000100000000)
  eden space 66560K, 0% used [0x00000000d5580000,0x00000000d5580000,0x00000000d9680000)
  from space 10752K, 74% used [0x00000000da100000,0x00000000da8d9780,0x00000000dab80000)
  to   space 10752K, 0% used [0x00000000d9680000,0x00000000d9680000,0x00000000da100000)
 ParOldGen       total 87552K, used 7730K [0x0000000080000000, 0x0000000085580000, 0x00000000d5580000)
  object space 87552K, 8% used [0x0000000080000000,0x000000008078cad0,0x0000000085580000)
 Metaspace       used 20602K, capacity 21256K, committed 21296K, reserved 1067008K
  class space    used 2961K, capacity 3180K, committed 3200K, reserved 1048576K
}
Event: 5.120 GC heap before
{Heap before GC invocations=7 (full 1):
 PSYoungGen      total 77312K, used 8037K [0x00000000d5580000, 0x00000000dab80000, 0x0000000100000000)
  eden space 66560K, 0% used [0x00000000d5580000,0x00000000d5580000,0x00000000d9680000)
  from space 10752K, 74% used [0x00000000da100000,0x00000000da8d9780,0x00000000dab80000)
  to   space 10752K, 0% used [0x00000000d9680000,0x00000000d9680000,0x00000000da100000)
 ParOldGen       total 87552K, used 7730K [0x0000000080000000, 0x0000000085580000, 0x00000000d5580000)
  object space 87552K, 8% used [0x0000000080000000,0x000000008078cad0,0x0000000085580000)
 Metaspace       used 20602K, capacity 21256K, committed 21296K, reserved 1067008K
  class space    used 2961K, capacity 3180K, committed 3200K, reserved 1048576K
Event: 5.190 GC heap after
Heap after GC invocations=7 (full 1):
 PSYoungGen      total 77312K, used 0K [0x00000000d5580000, 0x00000000dab80000, 0x0000000100000000)
  eden space 66560K, 0% used [0x00000000d5580000,0x00000000d5580000,0x00000000d9680000)
  from space 10752K, 0% used [0x00000000da100000,0x00000000da100000,0x00000000dab80000)
  to   space 10752K, 0% used [0x00000000d9680000,0x00000000d9680000,0x00000000da100000)
 ParOldGen       total 63488K, used 8762K [0x0000000080000000, 0x0000000083e00000, 0x00000000d5580000)
  object space 63488K, 13% used [0x0000000080000000,0x000000008088eab0,0x0000000083e00000)
 Metaspace       used 20602K, capacity 21256K, committed 21296K, reserved 1067008K
  class space    used 2961K, capacity 3180K, committed 3200K, reserved 1048576K
}
Event: 6.689 GC heap before
{Heap before GC invocations=8 (full 1):
 PSYoungGen      total 77312K, used 65938K [0x00000000d5580000, 0x00000000dab80000, 0x0000000100000000)
  eden space 66560K, 99% used [0x00000000d5580000,0x00000000d95e4820,0x00000000d9680000)
  from space 10752K, 0% used [0x00000000da100000,0x00000000da100000,0x00000000dab80000)
  to   space 10752K, 0% used [0x00000000d9680000,0x00000000d9680000,0x00000000da100000)
 ParOldGen       total 63488K, used 8762K [0x0000000080000000, 0x0000000083e00000, 0x00000000d5580000)
  object space 63488K, 13% used [0x0000000080000000,0x000000008088eab0,0x0000000083e00000)
 Metaspace       used 28336K, capacity 29008K, committed 29312K, reserved 1075200K
  class space    used 4006K, capacity 4223K, committed 4224K, reserved 1048576K
Event: 6.705 GC heap after
Heap after GC invocations=8 (full 1):
 PSYoungGen      total 77312K, used 8754K [0x00000000d5580000, 0x00000000dcb80000, 0x0000000100000000)
  eden space 66560K, 0% used [0x00000000d5580000,0x00000000d5580000,0x00000000d9680000)
  from space 10752K, 81% used [0x00000000d9680000,0x00000000d9f0c890,0x00000000da100000)
  to   space 11264K, 0% used [0x00000000dc080000,0x00000000dc080000,0x00000000dcb80000)
 ParOldGen       total 63488K, used 8770K [0x0000000080000000, 0x0000000083e00000, 0x00000000d5580000)
  object space 63488K, 13% used [0x0000000080000000,0x0000000080890ab0,0x0000000083e00000)
 Metaspace       used 28336K, capacity 29008K, committed 29312K, reserved 1075200K
  class space    used 4006K, capacity 4223K, committed 4224K, reserved 1048576K
}

