# JRE version: Java(TM) SE Runtime Environment (8.0_241-b07) (build 1.8.0_241-b07)
# Java VM: Java HotSpot(TM) 64-Bit Server VM (25.241-b07 mixed mode windows-amd64 compressed oops)
Heap:
 PSYoungGen      total 247296K, used 224768K [0x00000000d5580000, 0x00000000ec380000, 0x0000000100000000)
  eden space 224768K, 100% used [0x00000000d5580000,0x00000000e3100000,0x00000000e3100000)
  from space 22528K, 0% used [0x00000000e3100000,0x00000000e3100000,0x00000000e4700000)
  to   space 46080K, 88% used [0x00000000e9680000,0x00000000ebe686c0,0x00000000ec380000)
 ParOldGen       total 280064K, used 127772K [0x0000000080000000, 0x0000000091180000, 0x00000000d5580000)
  object space 280064K, 45% used [0x0000000080000000,0x0000000087cc7290,0x0000000091180000)
 Metaspace       used 74245K, capacity 77253K, committed 77568K, reserved 1116160K
  class space    used 10440K, capacity 11167K, committed 11264K, reserved 1048576K
GC Heap History (10 events):
Event: 9.437 GC heap after
Heap after GC invocations=15 (full 3):
 PSYoungGen      total 207872K, used 0K [0x00000000d5580000, 0x00000000e3a80000, 0x0000000100000000)
  eden space 188928K, 0% used [0x00000000d5580000,0x00000000d5580000,0x00000000e0e00000)
  from space 18944K, 0% used [0x00000000e2000000,0x00000000e2000000,0x00000000e3280000)
  to   space 18432K, 0% used [0x00000000e0e00000,0x00000000e0e00000,0x00000000e2000000)
 ParOldGen       total 137728K, used 38018K [0x0000000080000000, 0x0000000088680000, 0x00000000d5580000)
  object space 137728K, 27% used [0x0000000080000000,0x0000000082520ba0,0x0000000088680000)
 Metaspace       used 57018K, capacity 58939K, committed 59028K, reserved 1099776K
  class space    used 8099K, capacity 8615K, committed 8704K, reserved 1048576K
}
Event: 14.549 GC heap before
{Heap before GC invocations=16 (full 3):
 PSYoungGen      total 207872K, used 188928K [0x00000000d5580000, 0x00000000e3a80000, 0x0000000100000000)
  eden space 188928K, 100% used [0x00000000d5580000,0x00000000e0e00000,0x00000000e0e00000)
  from space 18944K, 0% used [0x00000000e2000000,0x00000000e2000000,0x00000000e3280000)
  to   space 18432K, 0% used [0x00000000e0e00000,0x00000000e0e00000,0x00000000e2000000)
 ParOldGen       total 137728K, used 38018K [0x0000000080000000, 0x0000000088680000, 0x00000000d5580000)
  object space 137728K, 27% used [0x0000000080000000,0x0000000082520ba0,0x0000000088680000)
 Metaspace       used 64561K, capacity 67293K, committed 67456K, reserved 1107968K
  class space    used 9121K, capacity 9758K, committed 9856K, reserved 1048576K
Event: 14.568 GC heap after
Heap after GC invocations=16 (full 3):
 PSYoungGen      total 207360K, used 18410K [0x00000000d5580000, 0x00000000e5d00000, 0x0000000100000000)
  eden space 188928K, 0% used [0x00000000d5580000,0x00000000d5580000,0x00000000e0e00000)
  from space 18432K, 99% used [0x00000000e0e00000,0x00000000e1ffa950,0x00000000e2000000)
  to   space 22016K, 0% used [0x00000000e4780000,0x00000000e4780000,0x00000000e5d00000)
 ParOldGen       total 137728K, used 41122K [0x0000000080000000, 0x0000000088680000, 0x00000000d5580000)
  object space 137728K, 29% used [0x0000000080000000,0x0000000082828ad8,0x0000000088680000)
 Metaspace       used 64561K, capacity 67293K, committed 67456K, reserved 1107968K
  class space    used 9121K, capacity 9758K, committed 9856K, reserved 1048576K
}
Event: 16.865 GC heap before
{Heap before GC invocations=17 (full 3):
 PSYoungGen      total 207360K, used 207338K [0x00000000d5580000, 0x00000000e5d00000, 0x0000000100000000)
  eden space 188928K, 100% used [0x00000000d5580000,0x00000000e0e00000,0x00000000e0e00000)
  from space 18432K, 99% used [0x00000000e0e00000,0x00000000e1ffa950,0x00000000e2000000)
  to   space 22016K, 0% used [0x00000000e4780000,0x00000000e4780000,0x00000000e5d00000)
 ParOldGen       total 137728K, used 41122K [0x0000000080000000, 0x0000000088680000, 0x00000000d5580000)
  object space 137728K, 29% used [0x0000000080000000,0x0000000082828ad8,0x0000000088680000)
 Metaspace       used 65333K, capacity 68181K, committed 68224K, reserved 1107968K
  class space    used 9195K, capacity 9849K, committed 9856K, reserved 1048576K
Event: 16.890 GC heap after
Heap after GC invocations=17 (full 3):
 PSYoungGen      total 246784K, used 15317K [0x00000000d5580000, 0x00000000e5d00000, 0x0000000100000000)
  eden space 224768K, 0% used [0x00000000d5580000,0x00000000d5580000,0x00000000e3100000)
  from space 22016K, 69% used [0x00000000e4780000,0x00000000e56755e8,0x00000000e5d00000)
  to   space 22528K, 0% used [0x00000000e3100000,0x00000000e3100000,0x00000000e4700000)
 ParOldGen       total 137728K, used 57525K [0x0000000080000000, 0x0000000088680000, 0x00000000d5580000)
  object space 137728K, 41% used [0x0000000080000000,0x000000008382d4b0,0x0000000088680000)
 Metaspace       used 65333K, capacity 68181K, committed 68224K, reserved 1107968K
  class space    used 9195K, capacity 9849K, committed 9856K, reserved 1048576K
}
Event: 18.102 GC heap before
{Heap before GC invocations=18 (full 3):
 PSYoungGen      total 246784K, used 240085K [0x00000000d5580000, 0x00000000e5d00000, 0x0000000100000000)
  eden space 224768K, 100% used [0x00000000d5580000,0x00000000e3100000,0x00000000e3100000)
  from space 22016K, 69% used [0x00000000e4780000,0x00000000e56755e8,0x00000000e5d00000)
  to   space 22528K, 0% used [0x00000000e3100000,0x00000000e3100000,0x00000000e4700000)
 ParOldGen       total 137728K, used 57525K [0x0000000080000000, 0x0000000088680000, 0x00000000d5580000)
  object space 137728K, 41% used [0x0000000080000000,0x000000008382d4b0,0x0000000088680000)
 Metaspace       used 69272K, capacity 72523K, committed 72704K, reserved 1112064K
  class space    used 9755K, capacity 10476K, committed 10496K, reserved 1048576K
Event: 18.163 GC heap after
Heap after GC invocations=18 (full 3):
 PSYoungGen      total 247296K, used 22513K [0x00000000d5580000, 0x00000000ec380000, 0x0000000100000000)
  eden space 224768K, 0% used [0x00000000d5580000,0x00000000d5580000,0x00000000e3100000)
  from space 22528K, 99% used [0x00000000e3100000,0x00000000e46fc4f8,0x00000000e4700000)
  to   space 46080K, 0% used [0x00000000e9680000,0x00000000e9680000,0x00000000ec380000)
 ParOldGen       total 137728K, used 113211K [0x0000000080000000, 0x0000000088680000, 0x00000000d5580000)
  object space 137728K, 82% used [0x0000000080000000,0x0000000086e8ed90,0x0000000088680000)
 Metaspace       used 69272K, capacity 72523K, committed 72704K, reserved 1112064K
  class space    used 9755K, capacity 10476K, committed 10496K, reserved 1048576K
}
Event: 18.163 GC heap before
{Heap before GC invocations=19 (full 4):
 PSYoungGen      total 247296K, used 22513K [0x00000000d5580000, 0x00000000ec380000, 0x0000000100000000)
  eden space 224768K, 0% used [0x00000000d5580000,0x00000000d5580000,0x00000000e3100000)
  from space 22528K, 99% used [0x00000000e3100000,0x00000000e46fc4f8,0x00000000e4700000)
  to   space 46080K, 0% used [0x00000000e9680000,0x00000000e9680000,0x00000000ec380000)
 ParOldGen       total 137728K, used 113211K [0x0000000080000000, 0x0000000088680000, 0x00000000d5580000)
  object space 137728K, 82% used [0x0000000080000000,0x0000000086e8ed90,0x0000000088680000)
 Metaspace       used 69272K, capacity 72523K, committed 72704K, reserved 1112064K
  class space    used 9755K, capacity 10476K, committed 10496K, reserved 1048576K
Event: 18.383 GC heap after
Heap after GC invocations=19 (full 4):
 PSYoungGen      total 247296K, used 0K [0x00000000d5580000, 0x00000000ec380000, 0x0000000100000000)
  eden space 224768K, 0% used [0x00000000d5580000,0x00000000d5580000,0x00000000e3100000)
  from space 22528K, 0% used [0x00000000e3100000,0x00000000e3100000,0x00000000e4700000)
  to   space 46080K, 0% used [0x00000000e9680000,0x00000000e9680000,0x00000000ec380000)
 ParOldGen       total 280064K, used 127772K [0x0000000080000000, 0x0000000091180000, 0x00000000d5580000)
  object space 280064K, 45% used [0x0000000080000000,0x0000000087cc7290,0x0000000091180000)
 Metaspace       used 68936K, capacity 71579K, committed 72704K, reserved 1112064K
  class space    used 9645K, capacity 10286K, committed 10496K, reserved 1048576K
}
Event: 19.520 GC heap before
{Heap before GC invocations=20 (full 4):
 PSYoungGen      total 247296K, used 224768K [0x00000000d5580000, 0x00000000ec380000, 0x0000000100000000)
  eden space 224768K, 100% used [0x00000000d5580000,0x00000000e3100000,0x00000000e3100000)
  from space 22528K, 0% used [0x00000000e3100000,0x00000000e3100000,0x00000000e4700000)
  to   space 46080K, 0% used [0x00000000e9680000,0x00000000e9680000,0x00000000ec380000)
 ParOldGen       total 280064K, used 127772K [0x0000000080000000, 0x0000000091180000, 0x00000000d5580000)
  object space 280064K, 45% used [0x0000000080000000,0x0000000087cc7290,0x0000000091180000)
 Metaspace       used 74245K, capacity 77253K, committed 77568K, reserved 1116160K
  class space    used 10440K, capacity 11167K, committed 11264K, reserved 1048576K

