# JRE version: Java(TM) SE Runtime Environment (8.0_241-b07) (build 1.8.0_241-b07)
# Java VM: Java HotSpot(TM) 64-Bit Server VM (25.241-b07 mixed mode windows-amd64 compressed oops)
Heap:
 PSYoungGen      total 314880K, used 141590K [0x00000000d5580000, 0x00000000ebc00000, 0x0000000100000000)
  eden space 278016K, 44% used [0x00000000d5580000,0x00000000dcdbc468,0x00000000e6500000)
  from space 36864K, 50% used [0x00000000e9800000,0x00000000eaa09440,0x00000000ebc00000)
  to   space 44544K, 0% used [0x00000000e6500000,0x00000000e6500000,0x00000000e9080000)
 ParOldGen       total 300544K, used 135914K [0x0000000080000000, 0x0000000092580000, 0x00000000d5580000)
  object space 300544K, 45% used [0x0000000080000000,0x00000000884ba998,0x0000000092580000)
 Metaspace       used 82114K, capacity 84732K, committed 85376K, reserved 1122304K
  class space    used 10862K, capacity 11436K, committed 11648K, reserved 1048576K
GC Heap History (10 events):
Event: 63.680 GC heap before
{Heap before GC invocations=20 (full 3):
 PSYoungGen      total 253440K, used 245853K [0x00000000d5580000, 0x00000000e6c80000, 0x0000000100000000)
  eden space 224256K, 100% used [0x00000000d5580000,0x00000000e3080000,0x00000000e3080000)
  from space 29184K, 74% used [0x00000000e4f80000,0x00000000e6497658,0x00000000e6c00000)
  to   space 30720K, 0% used [0x00000000e3080000,0x00000000e3080000,0x00000000e4e80000)
 ParOldGen       total 142848K, used 83160K [0x0000000080000000, 0x0000000088b80000, 0x00000000d5580000)
  object space 142848K, 58% used [0x0000000080000000,0x00000000851360e8,0x0000000088b80000)
 Metaspace       used 76824K, capacity 79788K, committed 79872K, reserved 1118208K
  class space    used 10553K, capacity 11220K, committed 11264K, reserved 1048576K
Event: 63.745 GC heap after
Heap after GC invocations=20 (full 3):
 PSYoungGen      total 254976K, used 30691K [0x00000000d5580000, 0x00000000ea800000, 0x0000000100000000)
  eden space 224256K, 0% used [0x00000000d5580000,0x00000000d5580000,0x00000000e3080000)
  from space 30720K, 99% used [0x00000000e3080000,0x00000000e4e78e38,0x00000000e4e80000)
  to   space 49664K, 0% used [0x00000000e7780000,0x00000000e7780000,0x00000000ea800000)
 ParOldGen       total 142848K, used 121538K [0x0000000080000000, 0x0000000088b80000, 0x00000000d5580000)
  object space 142848K, 85% used [0x0000000080000000,0x00000000876b0b88,0x0000000088b80000)
 Metaspace       used 76824K, capacity 79788K, committed 79872K, reserved 1118208K
  class space    used 10553K, capacity 11220K, committed 11264K, reserved 1048576K
}
Event: 63.745 GC heap before
{Heap before GC invocations=21 (full 4):
 PSYoungGen      total 254976K, used 30691K [0x00000000d5580000, 0x00000000ea800000, 0x0000000100000000)
  eden space 224256K, 0% used [0x00000000d5580000,0x00000000d5580000,0x00000000e3080000)
  from space 30720K, 99% used [0x00000000e3080000,0x00000000e4e78e38,0x00000000e4e80000)
  to   space 49664K, 0% used [0x00000000e7780000,0x00000000e7780000,0x00000000ea800000)
 ParOldGen       total 142848K, used 121538K [0x0000000080000000, 0x0000000088b80000, 0x00000000d5580000)
  object space 142848K, 85% used [0x0000000080000000,0x00000000876b0b88,0x0000000088b80000)
 Metaspace       used 76824K, capacity 79788K, committed 79872K, reserved 1118208K
  class space    used 10553K, capacity 11220K, committed 11264K, reserved 1048576K
Event: 64.019 GC heap after
Heap after GC invocations=21 (full 4):
 PSYoungGen      total 254976K, used 0K [0x00000000d5580000, 0x00000000ea800000, 0x0000000100000000)
  eden space 224256K, 0% used [0x00000000d5580000,0x00000000d5580000,0x00000000e3080000)
  from space 30720K, 0% used [0x00000000e3080000,0x00000000e3080000,0x00000000e4e80000)
  to   space 49664K, 0% used [0x00000000e7780000,0x00000000e7780000,0x00000000ea800000)
 ParOldGen       total 300544K, used 135890K [0x0000000080000000, 0x0000000092580000, 0x00000000d5580000)
  object space 300544K, 45% used [0x0000000080000000,0x00000000884b4998,0x0000000092580000)
 Metaspace       used 76532K, capacity 78996K, committed 79872K, reserved 1118208K
  class space    used 10456K, capacity 11054K, committed 11264K, reserved 1048576K
}
Event: 66.825 GC heap before
{Heap before GC invocations=22 (full 4):
 PSYoungGen      total 254976K, used 224256K [0x00000000d5580000, 0x00000000ea800000, 0x0000000100000000)
  eden space 224256K, 100% used [0x00000000d5580000,0x00000000e3080000,0x00000000e3080000)
  from space 30720K, 0% used [0x00000000e3080000,0x00000000e3080000,0x00000000e4e80000)
  to   space 49664K, 0% used [0x00000000e7780000,0x00000000e7780000,0x00000000ea800000)
 ParOldGen       total 300544K, used 135890K [0x0000000080000000, 0x0000000092580000, 0x00000000d5580000)
  object space 300544K, 45% used [0x0000000080000000,0x00000000884b4998,0x0000000092580000)
 Metaspace       used 78085K, capacity 80532K, committed 81536K, reserved 1120256K
  class space    used 10590K, capacity 11182K, committed 11392K, reserved 1048576K
Event: 66.835 GC heap after
Heap after GC invocations=22 (full 4):
 PSYoungGen      total 297472K, used 5730K [0x00000000d5580000, 0x00000000ea800000, 0x0000000100000000)
  eden space 247808K, 0% used [0x00000000d5580000,0x00000000d5580000,0x00000000e4780000)
  from space 49664K, 11% used [0x00000000e7780000,0x00000000e7d18b30,0x00000000ea800000)
  to   space 49152K, 0% used [0x00000000e4780000,0x00000000e4780000,0x00000000e7780000)
 ParOldGen       total 300544K, used 135898K [0x0000000080000000, 0x0000000092580000, 0x00000000d5580000)
  object space 300544K, 45% used [0x0000000080000000,0x00000000884b6998,0x0000000092580000)
 Metaspace       used 78085K, capacity 80532K, committed 81536K, reserved 1120256K
  class space    used 10590K, capacity 11182K, committed 11392K, reserved 1048576K
}
Event: 67.959 GC heap before
{Heap before GC invocations=23 (full 4):
 PSYoungGen      total 297472K, used 253538K [0x00000000d5580000, 0x00000000ea800000, 0x0000000100000000)
  eden space 247808K, 100% used [0x00000000d5580000,0x00000000e4780000,0x00000000e4780000)
  from space 49664K, 11% used [0x00000000e7780000,0x00000000e7d18b30,0x00000000ea800000)
  to   space 49152K, 0% used [0x00000000e4780000,0x00000000e4780000,0x00000000e7780000)
 ParOldGen       total 300544K, used 135898K [0x0000000080000000, 0x0000000092580000, 0x00000000d5580000)
  object space 300544K, 45% used [0x0000000080000000,0x00000000884b6998,0x0000000092580000)
 Metaspace       used 78116K, capacity 80532K, committed 81536K, reserved 1120256K
  class space    used 10590K, capacity 11182K, committed 11392K, reserved 1048576K
Event: 67.979 GC heap after
Heap after GC invocations=23 (full 4):
 PSYoungGen      total 296960K, used 10690K [0x00000000d5580000, 0x00000000ec600000, 0x0000000100000000)
  eden space 247808K, 0% used [0x00000000d5580000,0x00000000d5580000,0x00000000e4780000)
  from space 49152K, 21% used [0x00000000e4780000,0x00000000e51f0b90,0x00000000e7780000)
  to   space 47104K, 0% used [0x00000000e9800000,0x00000000e9800000,0x00000000ec600000)
 ParOldGen       total 300544K, used 135906K [0x0000000080000000, 0x0000000092580000, 0x00000000d5580000)
  object space 300544K, 45% used [0x0000000080000000,0x00000000884b8998,0x0000000092580000)
 Metaspace       used 78116K, capacity 80532K, committed 81536K, reserved 1120256K
  class space    used 10590K, capacity 11182K, committed 11392K, reserved 1048576K
}
Event: 91.595 GC heap before
{Heap before GC invocations=24 (full 4):
 PSYoungGen      total 296960K, used 258498K [0x00000000d5580000, 0x00000000ec600000, 0x0000000100000000)
  eden space 247808K, 100% used [0x00000000d5580000,0x00000000e4780000,0x00000000e4780000)
  from space 49152K, 21% used [0x00000000e4780000,0x00000000e51f0b90,0x00000000e7780000)
  to   space 47104K, 0% used [0x00000000e9800000,0x00000000e9800000,0x00000000ec600000)
 ParOldGen       total 300544K, used 135906K [0x0000000080000000, 0x0000000092580000, 0x00000000d5580000)
  object space 300544K, 45% used [0x0000000080000000,0x00000000884b8998,0x0000000092580000)
 Metaspace       used 81544K, capacity 84058K, committed 84864K, reserved 1122304K
  class space    used 10846K, capacity 11407K, committed 11648K, reserved 1048576K
Event: 91.621 GC heap after
Heap after GC invocations=24 (full 4):
 PSYoungGen      total 314880K, used 18469K [0x00000000d5580000, 0x00000000ebc00000, 0x0000000100000000)
  eden space 278016K, 0% used [0x00000000d5580000,0x00000000d5580000,0x00000000e6500000)
  from space 36864K, 50% used [0x00000000e9800000,0x00000000eaa09440,0x00000000ebc00000)
  to   space 44544K, 0% used [0x00000000e6500000,0x00000000e6500000,0x00000000e9080000)
 ParOldGen       total 300544K, used 135914K [0x0000000080000000, 0x0000000092580000, 0x00000000d5580000)
  object space 300544K, 45% used [0x0000000080000000,0x00000000884ba998,0x0000000092580000)
 Metaspace       used 81544K, capacity 84058K, committed 84864K, reserved 1122304K
  class space    used 10846K, capacity 11407K, committed 11648K, reserved 1048576K
}

