# JRE version: Java(TM) SE Runtime Environment (8.0_241-b07) (build 1.8.0_241-b07)
# Java VM: Java HotSpot(TM) 64-Bit Server VM (25.241-b07 mixed mode windows-amd64 compressed oops)
Heap:
 PSYoungGen      total 340992K, used 241199K [0x00000000d5580000, 0x00000000f0080000, 0x0000000100000000)
  eden space 299520K, 80% used [0x00000000d5580000,0x00000000e410bc30,0x00000000e7a00000)
  from space 41472K, 0% used [0x00000000e7a00000,0x00000000e7a00000,0x00000000ea280000)
  to   space 58368K, 0% used [0x00000000ec780000,0x00000000ec780000,0x00000000f0080000)
 ParOldGen       total 141824K, used 132388K [0x0000000080000000, 0x0000000088a80000, 0x00000000d5580000)
  object space 141824K, 93% used [0x0000000080000000,0x0000000088149000,0x0000000088a80000)
 Metaspace       used 85797K, capacity 89566K, committed 90368K, reserved 1126400K
  class space    used 11691K, capacity 12483K, committed 12800K, reserved 1048576K
GC Heap History (10 events):
Event: 54.070 GC heap before
{Heap before GC invocations=31 (full 13):
 PSYoungGen      total 338944K, used 299520K [0x00000000d5580000, 0x00000000ecb00000, 0x0000000100000000)
  eden space 299520K, 100% used [0x00000000d5580000,0x00000000e7a00000,0x00000000e7a00000)
  from space 39424K, 0% used [0x00000000ea480000,0x00000000ea480000,0x00000000ecb00000)
  to   space 41472K, 0% used [0x00000000e7a00000,0x00000000e7a00000,0x00000000ea280000)
 ParOldGen       total 141824K, used 139449K [0x0000000080000000, 0x0000000088a80000, 0x00000000d5580000)
  object space 141824K, 98% used [0x0000000080000000,0x000000008882e550,0x0000000088a80000)
 Metaspace       used 75317K, capacity 78492K, committed 80512K, reserved 1118208K
  class space    used 10403K, capacity 11132K, committed 11648K, reserved 1048576K
Event: 54.240 GC heap after
Heap after GC invocations=31 (full 13):
 PSYoungGen      total 338944K, used 0K [0x00000000d5580000, 0x00000000ecb00000, 0x0000000100000000)
  eden space 299520K, 0% used [0x00000000d5580000,0x00000000d5580000,0x00000000e7a00000)
  from space 39424K, 0% used [0x00000000ea480000,0x00000000ea480000,0x00000000ecb00000)
  to   space 41472K, 0% used [0x00000000e7a00000,0x00000000e7a00000,0x00000000ea280000)
 ParOldGen       total 141824K, used 136589K [0x0000000080000000, 0x0000000088a80000, 0x00000000d5580000)
  object space 141824K, 96% used [0x0000000080000000,0x0000000088563688,0x0000000088a80000)
 Metaspace       used 75317K, capacity 78492K, committed 80512K, reserved 1118208K
  class space    used 10403K, capacity 11132K, committed 11648K, reserved 1048576K
}
Event: 56.506 GC heap before
{Heap before GC invocations=32 (full 14):
 PSYoungGen      total 338944K, used 299520K [0x00000000d5580000, 0x00000000ecb00000, 0x0000000100000000)
  eden space 299520K, 100% used [0x00000000d5580000,0x00000000e7a00000,0x00000000e7a00000)
  from space 39424K, 0% used [0x00000000ea480000,0x00000000ea480000,0x00000000ecb00000)
  to   space 41472K, 0% used [0x00000000e7a00000,0x00000000e7a00000,0x00000000ea280000)
 ParOldGen       total 141824K, used 136589K [0x0000000080000000, 0x0000000088a80000, 0x00000000d5580000)
  object space 141824K, 96% used [0x0000000080000000,0x0000000088563688,0x0000000088a80000)
 Metaspace       used 75318K, capacity 78492K, committed 80512K, reserved 1118208K
  class space    used 10403K, capacity 11132K, committed 11648K, reserved 1048576K
Event: 56.643 GC heap after
Heap after GC invocations=32 (full 14):
 PSYoungGen      total 338944K, used 0K [0x00000000d5580000, 0x00000000ecb00000, 0x0000000100000000)
  eden space 299520K, 0% used [0x00000000d5580000,0x00000000d5580000,0x00000000e7a00000)
  from space 39424K, 0% used [0x00000000ea480000,0x00000000ea480000,0x00000000ecb00000)
  to   space 41472K, 0% used [0x00000000e7a00000,0x00000000e7a00000,0x00000000ea280000)
 ParOldGen       total 141824K, used 133757K [0x0000000080000000, 0x0000000088a80000, 0x00000000d5580000)
  object space 141824K, 94% used [0x0000000080000000,0x000000008829f730,0x0000000088a80000)
 Metaspace       used 75318K, capacity 78492K, committed 80512K, reserved 1118208K
  class space    used 10403K, capacity 11132K, committed 11648K, reserved 1048576K
}
Event: 61.743 GC heap before
{Heap before GC invocations=33 (full 15):
 PSYoungGen      total 338944K, used 299520K [0x00000000d5580000, 0x00000000ecb00000, 0x0000000100000000)
  eden space 299520K, 100% used [0x00000000d5580000,0x00000000e7a00000,0x00000000e7a00000)
  from space 39424K, 0% used [0x00000000ea480000,0x00000000ea480000,0x00000000ecb00000)
  to   space 41472K, 0% used [0x00000000e7a00000,0x00000000e7a00000,0x00000000ea280000)
 ParOldGen       total 141824K, used 133757K [0x0000000080000000, 0x0000000088a80000, 0x00000000d5580000)
  object space 141824K, 94% used [0x0000000080000000,0x000000008829f730,0x0000000088a80000)
 Metaspace       used 76015K, capacity 79182K, committed 81152K, reserved 1118208K
  class space    used 10504K, capacity 11219K, committed 11776K, reserved 1048576K
Event: 61.852 GC heap after
Heap after GC invocations=33 (full 15):
 PSYoungGen      total 338944K, used 0K [0x00000000d5580000, 0x00000000ecb00000, 0x0000000100000000)
  eden space 299520K, 0% used [0x00000000d5580000,0x00000000d5580000,0x00000000e7a00000)
  from space 39424K, 0% used [0x00000000ea480000,0x00000000ea480000,0x00000000ecb00000)
  to   space 41472K, 0% used [0x00000000e7a00000,0x00000000e7a00000,0x00000000ea280000)
 ParOldGen       total 141824K, used 95912K [0x0000000080000000, 0x0000000088a80000, 0x00000000d5580000)
  object space 141824K, 67% used [0x0000000080000000,0x0000000085daa310,0x0000000088a80000)
 Metaspace       used 76015K, capacity 79182K, committed 81152K, reserved 1118208K
  class space    used 10504K, capacity 11219K, committed 11776K, reserved 1048576K
}
Event: 63.084 GC heap before
{Heap before GC invocations=34 (full 15):
 PSYoungGen      total 338944K, used 299520K [0x00000000d5580000, 0x00000000ecb00000, 0x0000000100000000)
  eden space 299520K, 100% used [0x00000000d5580000,0x00000000e7a00000,0x00000000e7a00000)
  from space 39424K, 0% used [0x00000000ea480000,0x00000000ea480000,0x00000000ecb00000)
  to   space 41472K, 0% used [0x00000000e7a00000,0x00000000e7a00000,0x00000000ea280000)
 ParOldGen       total 141824K, used 95912K [0x0000000080000000, 0x0000000088a80000, 0x00000000d5580000)
  object space 141824K, 67% used [0x0000000080000000,0x0000000085daa310,0x0000000088a80000)
 Metaspace       used 76684K, capacity 80040K, committed 81664K, reserved 1120256K
  class space    used 10630K, capacity 11362K, committed 11776K, reserved 1048576K
Event: 63.138 GC heap after
Heap after GC invocations=34 (full 15):
 PSYoungGen      total 340992K, used 41462K [0x00000000d5580000, 0x00000000f0080000, 0x0000000100000000)
  eden space 299520K, 0% used [0x00000000d5580000,0x00000000d5580000,0x00000000e7a00000)
  from space 41472K, 99% used [0x00000000e7a00000,0x00000000ea27da58,0x00000000ea280000)
  to   space 58368K, 0% used [0x00000000ec780000,0x00000000ec780000,0x00000000f0080000)
 ParOldGen       total 141824K, used 122409K [0x0000000080000000, 0x0000000088a80000, 0x00000000d5580000)
  object space 141824K, 86% used [0x0000000080000000,0x000000008778a688,0x0000000088a80000)
 Metaspace       used 76684K, capacity 80040K, committed 81664K, reserved 1120256K
  class space    used 10630K, capacity 11362K, committed 11776K, reserved 1048576K
}
Event: 63.139 GC heap before
{Heap before GC invocations=35 (full 16):
 PSYoungGen      total 340992K, used 41462K [0x00000000d5580000, 0x00000000f0080000, 0x0000000100000000)
  eden space 299520K, 0% used [0x00000000d5580000,0x00000000d5580000,0x00000000e7a00000)
  from space 41472K, 99% used [0x00000000e7a00000,0x00000000ea27da58,0x00000000ea280000)
  to   space 58368K, 0% used [0x00000000ec780000,0x00000000ec780000,0x00000000f0080000)
 ParOldGen       total 141824K, used 122409K [0x0000000080000000, 0x0000000088a80000, 0x00000000d5580000)
  object space 141824K, 86% used [0x0000000080000000,0x000000008778a688,0x0000000088a80000)
 Metaspace       used 76684K, capacity 80040K, committed 81664K, reserved 1120256K
  class space    used 10630K, capacity 11362K, committed 11776K, reserved 1048576K
Event: 63.393 GC heap after
Heap after GC invocations=35 (full 16):
 PSYoungGen      total 340992K, used 0K [0x00000000d5580000, 0x00000000f0080000, 0x0000000100000000)
  eden space 299520K, 0% used [0x00000000d5580000,0x00000000d5580000,0x00000000e7a00000)
  from space 41472K, 0% used [0x00000000e7a00000,0x00000000e7a00000,0x00000000ea280000)
  to   space 58368K, 0% used [0x00000000ec780000,0x00000000ec780000,0x00000000f0080000)
 ParOldGen       total 141824K, used 132388K [0x0000000080000000, 0x0000000088a80000, 0x00000000d5580000)
  object space 141824K, 93% used [0x0000000080000000,0x0000000088149000,0x0000000088a80000)
 Metaspace       used 76591K, capacity 79800K, committed 81664K, reserved 1120256K
  class space    used 10595K, capacity 11300K, committed 11776K, reserved 1048576K
}

