# JRE version: Java(TM) SE Runtime Environment (8.0_241-b07) (build 1.8.0_241-b07)
# Java VM: Java HotSpot(TM) 64-Bit Server VM (25.241-b07 mixed mode windows-amd64 compressed oops)
Heap:
 PSYoungGen      total 222208K, used 82389K [0x00000000d5580000, 0x00000000e7200000, 0x0000000100000000)
  eden space 168448K, 30% used [0x00000000d5580000,0x00000000d870dd60,0x00000000dfa00000)
  from space 53760K, 58% used [0x00000000dfa00000,0x00000000e18e7820,0x00000000e2e80000)
  to   space 54272K, 0% used [0x00000000e3d00000,0x00000000e3d00000,0x00000000e7200000)
 ParOldGen       total 341504K, used 192095K [0x0000000080000000, 0x0000000094d80000, 0x00000000d5580000)
  object space 341504K, 56% used [0x0000000080000000,0x000000008bb97f18,0x0000000094d80000)
 Metaspace       used 76567K, capacity 79948K, committed 80128K, reserved 1118208K
  class space    used 10671K, capacity 11412K, committed 11520K, reserved 1048576K
GC Heap History (10 events):
Event: 41.622 GC heap before
{Heap before GC invocations=30 (full 5):
 PSYoungGen      total 200192K, used 25617K [0x00000000d5580000, 0x00000000e6380000, 0x0000000100000000)
  eden space 141824K, 0% used [0x00000000d5580000,0x00000000d5580000,0x00000000de000000)
  from space 58368K, 43% used [0x00000000de000000,0x00000000df9047c0,0x00000000e1900000)
  to   space 56320K, 0% used [0x00000000e2c80000,0x00000000e2c80000,0x00000000e6380000)
 ParOldGen       total 226816K, used 190434K [0x0000000080000000, 0x000000008dd80000, 0x00000000d5580000)
  object space 226816K, 83% used [0x0000000080000000,0x000000008b9f88d0,0x000000008dd80000)
 Metaspace       used 71782K, capacity 74666K, committed 75136K, reserved 1114112K
  class space    used 10120K, capacity 10795K, committed 10880K, reserved 1048576K
Event: 42.038 GC heap after
Heap after GC invocations=30 (full 5):
 PSYoungGen      total 200192K, used 0K [0x00000000d5580000, 0x00000000e6380000, 0x0000000100000000)
  eden space 141824K, 0% used [0x00000000d5580000,0x00000000d5580000,0x00000000de000000)
  from space 58368K, 0% used [0x00000000de000000,0x00000000de000000,0x00000000e1900000)
  to   space 56320K, 0% used [0x00000000e2c80000,0x00000000e2c80000,0x00000000e6380000)
 ParOldGen       total 341504K, used 192063K [0x0000000080000000, 0x0000000094d80000, 0x00000000d5580000)
  object space 341504K, 56% used [0x0000000080000000,0x000000008bb8ff18,0x0000000094d80000)
 Metaspace       used 71712K, capacity 74460K, committed 75136K, reserved 1114112K
  class space    used 10096K, capacity 10752K, committed 10880K, reserved 1048576K
}
Event: 43.098 GC heap before
{Heap before GC invocations=31 (full 5):
 PSYoungGen      total 200192K, used 141824K [0x00000000d5580000, 0x00000000e6380000, 0x0000000100000000)
  eden space 141824K, 100% used [0x00000000d5580000,0x00000000de000000,0x00000000de000000)
  from space 58368K, 0% used [0x00000000de000000,0x00000000de000000,0x00000000e1900000)
  to   space 56320K, 0% used [0x00000000e2c80000,0x00000000e2c80000,0x00000000e6380000)
 ParOldGen       total 341504K, used 192063K [0x0000000080000000, 0x0000000094d80000, 0x00000000d5580000)
  object space 341504K, 56% used [0x0000000080000000,0x000000008bb8ff18,0x0000000094d80000)
 Metaspace       used 72506K, capacity 75448K, committed 75776K, reserved 1114112K
  class space    used 10191K, capacity 10876K, committed 11008K, reserved 1048576K
Event: 43.112 GC heap after
Heap after GC invocations=31 (full 5):
 PSYoungGen      total 196608K, used 19045K [0x00000000d5580000, 0x00000000e5500000, 0x0000000100000000)
  eden space 155136K, 0% used [0x00000000d5580000,0x00000000d5580000,0x00000000ded00000)
  from space 41472K, 45% used [0x00000000e2c80000,0x00000000e3f19568,0x00000000e5500000)
  to   space 53248K, 0% used [0x00000000ded00000,0x00000000ded00000,0x00000000e2100000)
 ParOldGen       total 341504K, used 192071K [0x0000000080000000, 0x0000000094d80000, 0x00000000d5580000)
  object space 341504K, 56% used [0x0000000080000000,0x000000008bb91f18,0x0000000094d80000)
 Metaspace       used 72506K, capacity 75448K, committed 75776K, reserved 1114112K
  class space    used 10191K, capacity 10876K, committed 11008K, reserved 1048576K
}
Event: 43.807 GC heap before
{Heap before GC invocations=32 (full 5):
 PSYoungGen      total 196608K, used 174181K [0x00000000d5580000, 0x00000000e5500000, 0x0000000100000000)
  eden space 155136K, 100% used [0x00000000d5580000,0x00000000ded00000,0x00000000ded00000)
  from space 41472K, 45% used [0x00000000e2c80000,0x00000000e3f19568,0x00000000e5500000)
  to   space 53248K, 0% used [0x00000000ded00000,0x00000000ded00000,0x00000000e2100000)
 ParOldGen       total 341504K, used 192071K [0x0000000080000000, 0x0000000094d80000, 0x00000000d5580000)
  object space 341504K, 56% used [0x0000000080000000,0x000000008bb91f18,0x0000000094d80000)
 Metaspace       used 72599K, capacity 75560K, committed 76032K, reserved 1114112K
  class space    used 10200K, capacity 10886K, committed 11008K, reserved 1048576K
Event: 43.827 GC heap after
Heap after GC invocations=32 (full 5):
 PSYoungGen      total 208384K, used 37059K [0x00000000d5580000, 0x00000000e6900000, 0x0000000100000000)
  eden space 155136K, 0% used [0x00000000d5580000,0x00000000d5580000,0x00000000ded00000)
  from space 53248K, 69% used [0x00000000ded00000,0x00000000e1130cd0,0x00000000e2100000)
  to   space 55808K, 0% used [0x00000000e3280000,0x00000000e3280000,0x00000000e6900000)
 ParOldGen       total 341504K, used 192079K [0x0000000080000000, 0x0000000094d80000, 0x00000000d5580000)
  object space 341504K, 56% used [0x0000000080000000,0x000000008bb93f18,0x0000000094d80000)
 Metaspace       used 72599K, capacity 75560K, committed 76032K, reserved 1114112K
  class space    used 10200K, capacity 10886K, committed 11008K, reserved 1048576K
}
Event: 45.927 GC heap before
{Heap before GC invocations=33 (full 5):
 PSYoungGen      total 208384K, used 192195K [0x00000000d5580000, 0x00000000e6900000, 0x0000000100000000)
  eden space 155136K, 100% used [0x00000000d5580000,0x00000000ded00000,0x00000000ded00000)
  from space 53248K, 69% used [0x00000000ded00000,0x00000000e1130cd0,0x00000000e2100000)
  to   space 55808K, 0% used [0x00000000e3280000,0x00000000e3280000,0x00000000e6900000)
 ParOldGen       total 341504K, used 192079K [0x0000000080000000, 0x0000000094d80000, 0x00000000d5580000)
  object space 341504K, 56% used [0x0000000080000000,0x000000008bb93f18,0x0000000094d80000)
 Metaspace       used 73145K, capacity 76116K, committed 76288K, reserved 1114112K
  class space    used 10258K, capacity 10932K, committed 11008K, reserved 1048576K
Event: 45.940 GC heap after
Heap after GC invocations=33 (full 5):
 PSYoungGen      total 218112K, used 16259K [0x00000000d5580000, 0x00000000e6300000, 0x0000000100000000)
  eden space 168448K, 0% used [0x00000000d5580000,0x00000000d5580000,0x00000000dfa00000)
  from space 49664K, 32% used [0x00000000e3280000,0x00000000e4260c50,0x00000000e6300000)
  to   space 53760K, 0% used [0x00000000dfa00000,0x00000000dfa00000,0x00000000e2e80000)
 ParOldGen       total 341504K, used 192087K [0x0000000080000000, 0x0000000094d80000, 0x00000000d5580000)
  object space 341504K, 56% used [0x0000000080000000,0x000000008bb95f18,0x0000000094d80000)
 Metaspace       used 73145K, capacity 76116K, committed 76288K, reserved 1114112K
  class space    used 10258K, capacity 10932K, committed 11008K, reserved 1048576K
}
Event: 47.498 GC heap before
{Heap before GC invocations=34 (full 5):
 PSYoungGen      total 218112K, used 184707K [0x00000000d5580000, 0x00000000e6300000, 0x0000000100000000)
  eden space 168448K, 100% used [0x00000000d5580000,0x00000000dfa00000,0x00000000dfa00000)
  from space 49664K, 32% used [0x00000000e3280000,0x00000000e4260c50,0x00000000e6300000)
  to   space 53760K, 0% used [0x00000000dfa00000,0x00000000dfa00000,0x00000000e2e80000)
 ParOldGen       total 341504K, used 192087K [0x0000000080000000, 0x0000000094d80000, 0x00000000d5580000)
  object space 341504K, 56% used [0x0000000080000000,0x000000008bb95f18,0x0000000094d80000)
 Metaspace       used 76111K, capacity 79522K, committed 79744K, reserved 1118208K
  class space    used 10625K, capacity 11357K, committed 11392K, reserved 1048576K
Event: 47.526 GC heap after
Heap after GC invocations=34 (full 5):
 PSYoungGen      total 222208K, used 31646K [0x00000000d5580000, 0x00000000e7200000, 0x0000000100000000)
  eden space 168448K, 0% used [0x00000000d5580000,0x00000000d5580000,0x00000000dfa00000)
  from space 53760K, 58% used [0x00000000dfa00000,0x00000000e18e7820,0x00000000e2e80000)
  to   space 54272K, 0% used [0x00000000e3d00000,0x00000000e3d00000,0x00000000e7200000)
 ParOldGen       total 341504K, used 192095K [0x0000000080000000, 0x0000000094d80000, 0x00000000d5580000)
  object space 341504K, 56% used [0x0000000080000000,0x000000008bb97f18,0x0000000094d80000)
 Metaspace       used 76111K, capacity 79522K, committed 79744K, reserved 1118208K
  class space    used 10625K, capacity 11357K, committed 11392K, reserved 1048576K
}

