# JRE version: Java(TM) SE Runtime Environment (8.0_241-b07) (build 1.8.0_241-b07)
# Java VM: Java HotSpot(TM) 64-Bit Server VM (25.241-b07 mixed mode windows-amd64 compressed oops)
Heap:
 PSYoungGen      total 77312K, used 26091K [0x00000000d5580000, 0x00000000dab80000, 0x0000000100000000)
  eden space 66560K, 23% used [0x00000000d5580000,0x00000000d647c508,0x00000000d9680000)
  from space 10752K, 99% used [0x00000000d9680000,0x00000000da0fe9f8,0x00000000da100000)
  to   space 10752K, 0% used [0x00000000da100000,0x00000000da100000,0x00000000dab80000)
 ParOldGen       total 57344K, used 17398K [0x0000000080000000, 0x0000000083800000, 0x00000000d5580000)
  object space 57344K, 30% used [0x0000000080000000,0x00000000810fd938,0x0000000083800000)
 Metaspace       used 46726K, capacity 48240K, committed 48640K, reserved 1093632K
  class space    used 6461K, capacity 6850K, committed 6912K, reserved 1048576K
GC Heap History (10 events):
Event: 5.614 GC heap before
{Heap before GC invocations=9 (full 1):
 PSYoungGen      total 77312K, used 75363K [0x00000000d5580000, 0x00000000dab80000, 0x0000000100000000)
  eden space 66560K, 100% used [0x00000000d5580000,0x00000000d9680000,0x00000000d9680000)
  from space 10752K, 81% used [0x00000000d9680000,0x00000000d9f18f38,0x00000000da100000)
  to   space 10752K, 0% used [0x00000000da100000,0x00000000da100000,0x00000000dab80000)
 ParOldGen       total 57344K, used 8763K [0x0000000080000000, 0x0000000083800000, 0x00000000d5580000)
  object space 57344K, 15% used [0x0000000080000000,0x000000008088eea0,0x0000000083800000)
 Metaspace       used 32606K, capacity 33368K, committed 33536K, reserved 1077248K
  class space    used 4563K, capacity 4801K, committed 4864K, reserved 1048576K
Event: 5.624 GC heap after
Heap after GC invocations=9 (full 1):
 PSYoungGen      total 77312K, used 8876K [0x00000000d5580000, 0x00000000dab80000, 0x0000000100000000)
  eden space 66560K, 0% used [0x00000000d5580000,0x00000000d5580000,0x00000000d9680000)
  from space 10752K, 82% used [0x00000000da100000,0x00000000da9ab340,0x00000000dab80000)
  to   space 10752K, 0% used [0x00000000d9680000,0x00000000d9680000,0x00000000da100000)
 ParOldGen       total 57344K, used 8771K [0x0000000080000000, 0x0000000083800000, 0x00000000d5580000)
  object space 57344K, 15% used [0x0000000080000000,0x0000000080890ea0,0x0000000083800000)
 Metaspace       used 32606K, capacity 33368K, committed 33536K, reserved 1077248K
  class space    used 4563K, capacity 4801K, committed 4864K, reserved 1048576K
}
Event: 6.054 GC heap before
{Heap before GC invocations=10 (full 1):
 PSYoungGen      total 77312K, used 49687K [0x00000000d5580000, 0x00000000dab80000, 0x0000000100000000)
  eden space 66560K, 61% used [0x00000000d5580000,0x00000000d7d5ab38,0x00000000d9680000)
  from space 10752K, 82% used [0x00000000da100000,0x00000000da9ab340,0x00000000dab80000)
  to   space 10752K, 0% used [0x00000000d9680000,0x00000000d9680000,0x00000000da100000)
 ParOldGen       total 57344K, used 8771K [0x0000000080000000, 0x0000000083800000, 0x00000000d5580000)
  object space 57344K, 15% used [0x0000000080000000,0x0000000080890ea0,0x0000000083800000)
 Metaspace       used 34650K, capacity 35450K, committed 35496K, reserved 1079296K
  class space    used 4866K, capacity 5098K, committed 5120K, reserved 1048576K
Event: 6.063 GC heap after
Heap after GC invocations=10 (full 1):
 PSYoungGen      total 77312K, used 8585K [0x00000000d5580000, 0x00000000dab80000, 0x0000000100000000)
  eden space 66560K, 0% used [0x00000000d5580000,0x00000000d5580000,0x00000000d9680000)
  from space 10752K, 79% used [0x00000000d9680000,0x00000000d9ee25e8,0x00000000da100000)
  to   space 10752K, 0% used [0x00000000da100000,0x00000000da100000,0x00000000dab80000)
 ParOldGen       total 57344K, used 8779K [0x0000000080000000, 0x0000000083800000, 0x00000000d5580000)
  object space 57344K, 15% used [0x0000000080000000,0x0000000080892ea0,0x0000000083800000)
 Metaspace       used 34650K, capacity 35450K, committed 35496K, reserved 1079296K
  class space    used 4866K, capacity 5098K, committed 5120K, reserved 1048576K
}
Event: 6.063 GC heap before
{Heap before GC invocations=11 (full 2):
 PSYoungGen      total 77312K, used 8585K [0x00000000d5580000, 0x00000000dab80000, 0x0000000100000000)
  eden space 66560K, 0% used [0x00000000d5580000,0x00000000d5580000,0x00000000d9680000)
  from space 10752K, 79% used [0x00000000d9680000,0x00000000d9ee25e8,0x00000000da100000)
  to   space 10752K, 0% used [0x00000000da100000,0x00000000da100000,0x00000000dab80000)
 ParOldGen       total 57344K, used 8779K [0x0000000080000000, 0x0000000083800000, 0x00000000d5580000)
  object space 57344K, 15% used [0x0000000080000000,0x0000000080892ea0,0x0000000083800000)
 Metaspace       used 34650K, capacity 35450K, committed 35496K, reserved 1079296K
  class space    used 4866K, capacity 5098K, committed 5120K, reserved 1048576K
Event: 6.113 GC heap after
Heap after GC invocations=11 (full 2):
 PSYoungGen      total 77312K, used 0K [0x00000000d5580000, 0x00000000dab80000, 0x0000000100000000)
  eden space 66560K, 0% used [0x00000000d5580000,0x00000000d5580000,0x00000000d9680000)
  from space 10752K, 0% used [0x00000000d9680000,0x00000000d9680000,0x00000000da100000)
  to   space 10752K, 0% used [0x00000000da100000,0x00000000da100000,0x00000000dab80000)
 ParOldGen       total 57344K, used 15153K [0x0000000080000000, 0x0000000083800000, 0x00000000d5580000)
  object space 57344K, 26% used [0x0000000080000000,0x0000000080ecc430,0x0000000083800000)
 Metaspace       used 34650K, capacity 35450K, committed 35496K, reserved 1079296K
  class space    used 4866K, capacity 5098K, committed 5120K, reserved 1048576K
}
Event: 7.099 GC heap before
{Heap before GC invocations=12 (full 2):
 PSYoungGen      total 77312K, used 66560K [0x00000000d5580000, 0x00000000dab80000, 0x0000000100000000)
  eden space 66560K, 100% used [0x00000000d5580000,0x00000000d9680000,0x00000000d9680000)
  from space 10752K, 0% used [0x00000000d9680000,0x00000000d9680000,0x00000000da100000)
  to   space 10752K, 0% used [0x00000000da100000,0x00000000da100000,0x00000000dab80000)
 ParOldGen       total 57344K, used 15153K [0x0000000080000000, 0x0000000083800000, 0x00000000d5580000)
  object space 57344K, 26% used [0x0000000080000000,0x0000000080ecc430,0x0000000083800000)
 Metaspace       used 39302K, capacity 40620K, committed 40832K, reserved 1083392K
  class space    used 5541K, capacity 5892K, committed 6016K, reserved 1048576K
Event: 7.106 GC heap after
Heap after GC invocations=12 (full 2):
 PSYoungGen      total 77312K, used 7636K [0x00000000d5580000, 0x00000000dab80000, 0x0000000100000000)
  eden space 66560K, 0% used [0x00000000d5580000,0x00000000d5580000,0x00000000d9680000)
  from space 10752K, 71% used [0x00000000da100000,0x00000000da875200,0x00000000dab80000)
  to   space 10752K, 0% used [0x00000000d9680000,0x00000000d9680000,0x00000000da100000)
 ParOldGen       total 57344K, used 15161K [0x0000000080000000, 0x0000000083800000, 0x00000000d5580000)
  object space 57344K, 26% used [0x0000000080000000,0x0000000080ece430,0x0000000083800000)
 Metaspace       used 39302K, capacity 40620K, committed 40832K, reserved 1083392K
  class space    used 5541K, capacity 5892K, committed 6016K, reserved 1048576K
}
Event: 7.872 GC heap before
{Heap before GC invocations=13 (full 2):
 PSYoungGen      total 77312K, used 74196K [0x00000000d5580000, 0x00000000dab80000, 0x0000000100000000)
  eden space 66560K, 100% used [0x00000000d5580000,0x00000000d9680000,0x00000000d9680000)
  from space 10752K, 71% used [0x00000000da100000,0x00000000da875200,0x00000000dab80000)
  to   space 10752K, 0% used [0x00000000d9680000,0x00000000d9680000,0x00000000da100000)
 ParOldGen       total 57344K, used 15161K [0x0000000080000000, 0x0000000083800000, 0x00000000d5580000)
  object space 57344K, 26% used [0x0000000080000000,0x0000000080ece430,0x0000000083800000)
 Metaspace       used 45543K, capacity 47020K, committed 47232K, reserved 1089536K
  class space    used 6312K, capacity 6684K, committed 6784K, reserved 1048576K
Event: 7.888 GC heap after
Heap after GC invocations=13 (full 2):
 PSYoungGen      total 77312K, used 10746K [0x00000000d5580000, 0x00000000dab80000, 0x0000000100000000)
  eden space 66560K, 0% used [0x00000000d5580000,0x00000000d5580000,0x00000000d9680000)
  from space 10752K, 99% used [0x00000000d9680000,0x00000000da0fe9f8,0x00000000da100000)
  to   space 10752K, 0% used [0x00000000da100000,0x00000000da100000,0x00000000dab80000)
 ParOldGen       total 57344K, used 17398K [0x0000000080000000, 0x0000000083800000, 0x00000000d5580000)
  object space 57344K, 30% used [0x0000000080000000,0x00000000810fd938,0x0000000083800000)
 Metaspace       used 45543K, capacity 47020K, committed 47232K, reserved 1089536K
  class space    used 6312K, capacity 6684K, committed 6784K, reserved 1048576K
}

