# JRE version: Java(TM) SE Runtime Environment (8.0_241-b07) (build 1.8.0_241-b07)
# Java VM: Java HotSpot(TM) 64-Bit Server VM (25.241-b07 mixed mode windows-amd64 compressed oops)
Heap:
 PSYoungGen      total 236032K, used 169344K [0x00000000d5580000, 0x00000000e6180000, 0x0000000100000000)
  eden space 218112K, 69% used [0x00000000d5580000,0x00000000de9d6478,0x00000000e2a80000)
  from space 17920K, 97% used [0x00000000e5000000,0x00000000e6109dc0,0x00000000e6180000)
  to   space 26624K, 0% used [0x00000000e2d80000,0x00000000e2d80000,0x00000000e4780000)
 ParOldGen       total 133632K, used 48163K [0x0000000080000000, 0x0000000088280000, 0x00000000d5580000)
  object space 133632K, 36% used [0x0000000080000000,0x0000000082f08e10,0x0000000088280000)
 Metaspace       used 86942K, capacity 92038K, committed 92288K, reserved 1128448K
  class space    used 11617K, capacity 12572K, committed 12672K, reserved 1048576K
GC Heap History (10 events):
Event: 13.669 GC heap before
{Heap before GC invocations=17 (full 3):
 PSYoungGen      total 195072K, used 192138K [0x00000000d5580000, 0x00000000e4a00000, 0x0000000100000000)
  eden space 177152K, 100% used [0x00000000d5580000,0x00000000e0280000,0x00000000e0280000)
  from space 17920K, 83% used [0x00000000e0280000,0x00000000e1122b68,0x00000000e1400000)
  to   space 18944K, 0% used [0x00000000e3780000,0x00000000e3780000,0x00000000e4a00000)
 ParOldGen       total 133632K, used 31974K [0x0000000080000000, 0x0000000088280000, 0x00000000d5580000)
  object space 133632K, 23% used [0x0000000080000000,0x0000000081f39810,0x0000000088280000)
 Metaspace       used 73924K, capacity 77266K, committed 77568K, reserved 1116160K
  class space    used 10296K, capacity 10982K, committed 11008K, reserved 1048576K
Event: 13.689 GC heap after
Heap after GC invocations=17 (full 3):
 PSYoungGen      total 226304K, used 18932K [0x00000000d5580000, 0x00000000e5280000, 0x0000000100000000)
  eden space 207360K, 0% used [0x00000000d5580000,0x00000000d5580000,0x00000000e2000000)
  from space 18944K, 99% used [0x00000000e3780000,0x00000000e49fd2b0,0x00000000e4a00000)
  to   space 24064K, 0% used [0x00000000e2000000,0x00000000e2000000,0x00000000e3780000)
 ParOldGen       total 133632K, used 38256K [0x0000000080000000, 0x0000000088280000, 0x00000000d5580000)
  object space 133632K, 28% used [0x0000000080000000,0x000000008255c228,0x0000000088280000)
 Metaspace       used 73924K, capacity 77266K, committed 77568K, reserved 1116160K
  class space    used 10296K, capacity 10982K, committed 11008K, reserved 1048576K
}
Event: 70.938 GC heap before
{Heap before GC invocations=18 (full 3):
 PSYoungGen      total 226304K, used 226292K [0x00000000d5580000, 0x00000000e5280000, 0x0000000100000000)
  eden space 207360K, 100% used [0x00000000d5580000,0x00000000e2000000,0x00000000e2000000)
  from space 18944K, 99% used [0x00000000e3780000,0x00000000e49fd2b0,0x00000000e4a00000)
  to   space 24064K, 0% used [0x00000000e2000000,0x00000000e2000000,0x00000000e3780000)
 ParOldGen       total 133632K, used 38256K [0x0000000080000000, 0x0000000088280000, 0x00000000d5580000)
  object space 133632K, 28% used [0x0000000080000000,0x000000008255c228,0x0000000088280000)
 Metaspace       used 80041K, capacity 83978K, committed 84096K, reserved 1122304K
  class space    used 10805K, capacity 11568K, committed 11648K, reserved 1048576K
Event: 70.979 GC heap after
Heap after GC invocations=18 (full 3):
 PSYoungGen      total 231424K, used 15245K [0x00000000d5580000, 0x00000000e6f00000, 0x0000000100000000)
  eden space 207360K, 0% used [0x00000000d5580000,0x00000000d5580000,0x00000000e2000000)
  from space 24064K, 63% used [0x00000000e2000000,0x00000000e2ee36f8,0x00000000e3780000)
  to   space 24064K, 0% used [0x00000000e5780000,0x00000000e5780000,0x00000000e6f00000)
 ParOldGen       total 133632K, used 48139K [0x0000000080000000, 0x0000000088280000, 0x00000000d5580000)
  object space 133632K, 36% used [0x0000000080000000,0x0000000082f02e10,0x0000000088280000)
 Metaspace       used 80041K, capacity 83978K, committed 84096K, reserved 1122304K
  class space    used 10805K, capacity 11568K, committed 11648K, reserved 1048576K
}
Event: 272.271 GC heap before
{Heap before GC invocations=19 (full 3):
 PSYoungGen      total 231424K, used 222605K [0x00000000d5580000, 0x00000000e6f00000, 0x0000000100000000)
  eden space 207360K, 100% used [0x00000000d5580000,0x00000000e2000000,0x00000000e2000000)
  from space 24064K, 63% used [0x00000000e2000000,0x00000000e2ee36f8,0x00000000e3780000)
  to   space 24064K, 0% used [0x00000000e5780000,0x00000000e5780000,0x00000000e6f00000)
 ParOldGen       total 133632K, used 48139K [0x0000000080000000, 0x0000000088280000, 0x00000000d5580000)
  object space 133632K, 36% used [0x0000000080000000,0x0000000082f02e10,0x0000000088280000)
 Metaspace       used 81318K, capacity 85438K, committed 85504K, reserved 1122304K
  class space    used 10887K, capacity 11718K, committed 11776K, reserved 1048576K
Event: 272.292 GC heap after
Heap after GC invocations=19 (full 3):
 PSYoungGen      total 249856K, used 12721K [0x00000000d5580000, 0x00000000e6700000, 0x0000000100000000)
  eden space 233984K, 0% used [0x00000000d5580000,0x00000000d5580000,0x00000000e3a00000)
  from space 15872K, 80% used [0x00000000e5780000,0x00000000e63ec580,0x00000000e6700000)
  to   space 23040K, 0% used [0x00000000e3a00000,0x00000000e3a00000,0x00000000e5080000)
 ParOldGen       total 133632K, used 48147K [0x0000000080000000, 0x0000000088280000, 0x00000000d5580000)
  object space 133632K, 36% used [0x0000000080000000,0x0000000082f04e10,0x0000000088280000)
 Metaspace       used 81318K, capacity 85438K, committed 85504K, reserved 1122304K
  class space    used 10887K, capacity 11718K, committed 11776K, reserved 1048576K
}
Event: 4656.894 GC heap before
{Heap before GC invocations=20 (full 3):
 PSYoungGen      total 249856K, used 246705K [0x00000000d5580000, 0x00000000e6700000, 0x0000000100000000)
  eden space 233984K, 100% used [0x00000000d5580000,0x00000000e3a00000,0x00000000e3a00000)
  from space 15872K, 80% used [0x00000000e5780000,0x00000000e63ec580,0x00000000e6700000)
  to   space 23040K, 0% used [0x00000000e3a00000,0x00000000e3a00000,0x00000000e5080000)
 ParOldGen       total 133632K, used 48147K [0x0000000080000000, 0x0000000088280000, 0x00000000d5580000)
  object space 133632K, 36% used [0x0000000080000000,0x0000000082f04e10,0x0000000088280000)
 Metaspace       used 83433K, capacity 88202K, committed 88448K, reserved 1126400K
  class space    used 11202K, capacity 12094K, committed 12160K, reserved 1048576K
Event: 4656.917 GC heap after
Heap after GC invocations=20 (full 3):
 PSYoungGen      total 248320K, used 22390K [0x00000000d5580000, 0x00000000e6500000, 0x0000000100000000)
  eden space 225792K, 0% used [0x00000000d5580000,0x00000000d5580000,0x00000000e3200000)
  from space 22528K, 99% used [0x00000000e3a00000,0x00000000e4fdda88,0x00000000e5000000)
  to   space 21504K, 0% used [0x00000000e5000000,0x00000000e5000000,0x00000000e6500000)
 ParOldGen       total 133632K, used 48155K [0x0000000080000000, 0x0000000088280000, 0x00000000d5580000)
  object space 133632K, 36% used [0x0000000080000000,0x0000000082f06e10,0x0000000088280000)
 Metaspace       used 83433K, capacity 88202K, committed 88448K, reserved 1126400K
  class space    used 11202K, capacity 12094K, committed 12160K, reserved 1048576K
}
Event: 4808.591 GC heap before
{Heap before GC invocations=21 (full 3):
 PSYoungGen      total 248320K, used 248182K [0x00000000d5580000, 0x00000000e6500000, 0x0000000100000000)
  eden space 225792K, 100% used [0x00000000d5580000,0x00000000e3200000,0x00000000e3200000)
  from space 22528K, 99% used [0x00000000e3a00000,0x00000000e4fdda88,0x00000000e5000000)
  to   space 21504K, 0% used [0x00000000e5000000,0x00000000e5000000,0x00000000e6500000)
 ParOldGen       total 133632K, used 48155K [0x0000000080000000, 0x0000000088280000, 0x00000000d5580000)
  object space 133632K, 36% used [0x0000000080000000,0x0000000082f06e10,0x0000000088280000)
 Metaspace       used 86671K, capacity 91786K, committed 92032K, reserved 1128448K
  class space    used 11604K, capacity 12554K, committed 12672K, reserved 1048576K
Event: 4808.612 GC heap after
Heap after GC invocations=21 (full 3):
 PSYoungGen      total 236032K, used 17447K [0x00000000d5580000, 0x00000000e6180000, 0x0000000100000000)
  eden space 218112K, 0% used [0x00000000d5580000,0x00000000d5580000,0x00000000e2a80000)
  from space 17920K, 97% used [0x00000000e5000000,0x00000000e6109dc0,0x00000000e6180000)
  to   space 26624K, 0% used [0x00000000e2d80000,0x00000000e2d80000,0x00000000e4780000)
 ParOldGen       total 133632K, used 48163K [0x0000000080000000, 0x0000000088280000, 0x00000000d5580000)
  object space 133632K, 36% used [0x0000000080000000,0x0000000082f08e10,0x0000000088280000)
 Metaspace       used 86671K, capacity 91786K, committed 92032K, reserved 1128448K
  class space    used 11604K, capacity 12554K, committed 12672K, reserved 1048576K
}

