# JRE version: Java(TM) SE Runtime Environment (8.0_241-b07) (build 1.8.0_241-b07)
# Java VM: Java HotSpot(TM) 64-Bit Server VM (25.241-b07 mixed mode windows-amd64 compressed oops)
Heap:
 PSYoungGen      total 587264K, used 153294K [0x00000000d5580000, 0x00000000fb680000, 0x0000000100000000)
  eden space 552960K, 25% used [0x00000000d5580000,0x00000000ddf293f8,0x00000000f7180000)
  from space 34304K, 35% used [0x00000000f9500000,0x00000000fa10a568,0x00000000fb680000)
  to   space 35328K, 0% used [0x00000000f7180000,0x00000000f7180000,0x00000000f9400000)
 ParOldGen       total 204800K, used 119047K [0x0000000080000000, 0x000000008c800000, 0x00000000d5580000)
  object space 204800K, 58% used [0x0000000080000000,0x0000000087441ec0,0x000000008c800000)
 Metaspace       used 104308K, capacity 110416K, committed 110464K, reserved 1144832K
  class space    used 14150K, capacity 15462K, committed 15488K, reserved 1048576K
GC Heap History (10 events):
Event: 112.615 GC heap before
{Heap before GC invocations=26 (full 4):
 PSYoungGen      total 397312K, used 382630K [0x00000000d5580000, 0x00000000f5280000, 0x0000000100000000)
  eden space 358912K, 100% used [0x00000000d5580000,0x00000000eb400000,0x00000000eb400000)
  from space 38400K, 61% used [0x00000000eb400000,0x00000000ecb29af8,0x00000000ed980000)
  to   space 38400K, 0% used [0x00000000f2d00000,0x00000000f2d00000,0x00000000f5280000)
 ParOldGen       total 204800K, used 73570K [0x0000000080000000, 0x000000008c800000, 0x00000000d5580000)
  object space 204800K, 35% used [0x0000000080000000,0x00000000847d8bd8,0x000000008c800000)
 Metaspace       used 104107K, capacity 110244K, committed 110464K, reserved 1144832K
  class space    used 14149K, capacity 15460K, committed 15488K, reserved 1048576K
Event: 112.641 GC heap after
Heap after GC invocations=26 (full 4):
 PSYoungGen      total 483328K, used 11223K [0x00000000d5580000, 0x00000000f5480000, 0x0000000100000000)
  eden space 444928K, 0% used [0x00000000d5580000,0x00000000d5580000,0x00000000f0800000)
  from space 38400K, 29% used [0x00000000f2d00000,0x00000000f37f5ed0,0x00000000f5280000)
  to   space 37888K, 0% used [0x00000000f0800000,0x00000000f0800000,0x00000000f2d00000)
 ParOldGen       total 204800K, used 87555K [0x0000000080000000, 0x000000008c800000, 0x00000000d5580000)
  object space 204800K, 42% used [0x0000000080000000,0x0000000085580e98,0x000000008c800000)
 Metaspace       used 104107K, capacity 110244K, committed 110464K, reserved 1144832K
  class space    used 14149K, capacity 15460K, committed 15488K, reserved 1048576K
}
Event: 113.437 GC heap before
{Heap before GC invocations=27 (full 4):
 PSYoungGen      total 483328K, used 456151K [0x00000000d5580000, 0x00000000f5480000, 0x0000000100000000)
  eden space 444928K, 100% used [0x00000000d5580000,0x00000000f0800000,0x00000000f0800000)
  from space 38400K, 29% used [0x00000000f2d00000,0x00000000f37f5ed0,0x00000000f5280000)
  to   space 37888K, 0% used [0x00000000f0800000,0x00000000f0800000,0x00000000f2d00000)
 ParOldGen       total 204800K, used 87555K [0x0000000080000000, 0x000000008c800000, 0x00000000d5580000)
  object space 204800K, 42% used [0x0000000080000000,0x0000000085580e98,0x000000008c800000)
 Metaspace       used 104154K, capacity 110252K, committed 110464K, reserved 1144832K
  class space    used 14149K, capacity 15460K, committed 15488K, reserved 1048576K
Event: 113.459 GC heap after
Heap after GC invocations=27 (full 4):
 PSYoungGen      total 482816K, used 12548K [0x00000000d5580000, 0x00000000fb880000, 0x0000000100000000)
  eden space 444928K, 0% used [0x00000000d5580000,0x00000000d5580000,0x00000000f0800000)
  from space 37888K, 33% used [0x00000000f0800000,0x00000000f1441260,0x00000000f2d00000)
  to   space 36352K, 0% used [0x00000000f9500000,0x00000000f9500000,0x00000000fb880000)
 ParOldGen       total 204800K, used 92864K [0x0000000080000000, 0x000000008c800000, 0x00000000d5580000)
  object space 204800K, 45% used [0x0000000080000000,0x0000000085ab00a8,0x000000008c800000)
 Metaspace       used 104154K, capacity 110252K, committed 110464K, reserved 1144832K
  class space    used 14149K, capacity 15460K, committed 15488K, reserved 1048576K
}
Event: 114.257 GC heap before
{Heap before GC invocations=28 (full 4):
 PSYoungGen      total 482816K, used 457476K [0x00000000d5580000, 0x00000000fb880000, 0x0000000100000000)
  eden space 444928K, 100% used [0x00000000d5580000,0x00000000f0800000,0x00000000f0800000)
  from space 37888K, 33% used [0x00000000f0800000,0x00000000f1441260,0x00000000f2d00000)
  to   space 36352K, 0% used [0x00000000f9500000,0x00000000f9500000,0x00000000fb880000)
 ParOldGen       total 204800K, used 92864K [0x0000000080000000, 0x000000008c800000, 0x00000000d5580000)
  object space 204800K, 45% used [0x0000000080000000,0x0000000085ab00a8,0x000000008c800000)
 Metaspace       used 104210K, capacity 110320K, committed 110464K, reserved 1144832K
  class space    used 14149K, capacity 15460K, committed 15488K, reserved 1048576K
Event: 114.280 GC heap after
Heap after GC invocations=28 (full 4):
 PSYoungGen      total 587264K, used 14271K [0x00000000d5580000, 0x00000000fb680000, 0x0000000100000000)
  eden space 552960K, 0% used [0x00000000d5580000,0x00000000d5580000,0x00000000f7180000)
  from space 34304K, 41% used [0x00000000f9500000,0x00000000fa2effd0,0x00000000fb680000)
  to   space 35328K, 0% used [0x00000000f7180000,0x00000000f7180000,0x00000000f9400000)
 ParOldGen       total 204800K, used 102901K [0x0000000080000000, 0x000000008c800000, 0x00000000d5580000)
  object space 204800K, 50% used [0x0000000080000000,0x000000008647d698,0x000000008c800000)
 Metaspace       used 104210K, capacity 110320K, committed 110464K, reserved 1144832K
  class space    used 14149K, capacity 15460K, committed 15488K, reserved 1048576K
}
Event: 115.300 GC heap before
{Heap before GC invocations=29 (full 4):
 PSYoungGen      total 587264K, used 567231K [0x00000000d5580000, 0x00000000fb680000, 0x0000000100000000)
  eden space 552960K, 100% used [0x00000000d5580000,0x00000000f7180000,0x00000000f7180000)
  from space 34304K, 41% used [0x00000000f9500000,0x00000000fa2effd0,0x00000000fb680000)
  to   space 35328K, 0% used [0x00000000f7180000,0x00000000f7180000,0x00000000f9400000)
 ParOldGen       total 204800K, used 102901K [0x0000000080000000, 0x000000008c800000, 0x00000000d5580000)
  object space 204800K, 50% used [0x0000000080000000,0x000000008647d698,0x000000008c800000)
 Metaspace       used 104243K, capacity 110326K, committed 110464K, reserved 1144832K
  class space    used 14149K, capacity 15461K, committed 15488K, reserved 1048576K
Event: 115.320 GC heap after
Heap after GC invocations=29 (full 4):
 PSYoungGen      total 588288K, used 7680K [0x00000000d5580000, 0x00000000fb680000, 0x0000000100000000)
  eden space 552960K, 0% used [0x00000000d5580000,0x00000000d5580000,0x00000000f7180000)
  from space 35328K, 21% used [0x00000000f7180000,0x00000000f7900040,0x00000000f9400000)
  to   space 34304K, 0% used [0x00000000f9500000,0x00000000f9500000,0x00000000fb680000)
 ParOldGen       total 204800K, used 113459K [0x0000000080000000, 0x000000008c800000, 0x00000000d5580000)
  object space 204800K, 55% used [0x0000000080000000,0x0000000086ecce68,0x000000008c800000)
 Metaspace       used 104243K, capacity 110326K, committed 110464K, reserved 1144832K
  class space    used 14149K, capacity 15461K, committed 15488K, reserved 1048576K
}
Event: 116.405 GC heap before
{Heap before GC invocations=30 (full 4):
 PSYoungGen      total 588288K, used 560640K [0x00000000d5580000, 0x00000000fb680000, 0x0000000100000000)
  eden space 552960K, 100% used [0x00000000d5580000,0x00000000f7180000,0x00000000f7180000)
  from space 35328K, 21% used [0x00000000f7180000,0x00000000f7900040,0x00000000f9400000)
  to   space 34304K, 0% used [0x00000000f9500000,0x00000000f9500000,0x00000000fb680000)
 ParOldGen       total 204800K, used 113459K [0x0000000080000000, 0x000000008c800000, 0x00000000d5580000)
  object space 204800K, 55% used [0x0000000080000000,0x0000000086ecce68,0x000000008c800000)
 Metaspace       used 104304K, capacity 110416K, committed 110464K, reserved 1144832K
  class space    used 14150K, capacity 15462K, committed 15488K, reserved 1048576K
Event: 116.428 GC heap after
Heap after GC invocations=30 (full 4):
 PSYoungGen      total 587264K, used 12329K [0x00000000d5580000, 0x00000000fb680000, 0x0000000100000000)
  eden space 552960K, 0% used [0x00000000d5580000,0x00000000d5580000,0x00000000f7180000)
  from space 34304K, 35% used [0x00000000f9500000,0x00000000fa10a568,0x00000000fb680000)
  to   space 35328K, 0% used [0x00000000f7180000,0x00000000f7180000,0x00000000f9400000)
 ParOldGen       total 204800K, used 119047K [0x0000000080000000, 0x000000008c800000, 0x00000000d5580000)
  object space 204800K, 58% used [0x0000000080000000,0x0000000087441ec0,0x000000008c800000)
 Metaspace       used 104304K, capacity 110416K, committed 110464K, reserved 1144832K
  class space    used 14150K, capacity 15462K, committed 15488K, reserved 1048576K
}

