# JRE version: Java(TM) SE Runtime Environment (8.0_241-b07) (build 1.8.0_241-b07)
# Java VM: Java HotSpot(TM) 64-Bit Server VM (25.241-b07 mixed mode windows-amd64 compressed oops)
Heap:
 PSYoungGen      total 76800K, used 5054K [0x00000000d5580000, 0x00000000dc480000, 0x0000000100000000)
  eden space 66048K, 7% used [0x00000000d5580000,0x00000000d5a6f8f8,0x00000000d9600000)
  from space 10752K, 0% used [0x00000000d9600000,0x00000000d9600000,0x00000000da080000)
  to   space 11776K, 0% used [0x00000000db900000,0x00000000db900000,0x00000000dc480000)
 ParOldGen       total 59904K, used 15082K [0x0000000080000000, 0x0000000083a80000, 0x00000000d5580000)
  object space 59904K, 25% used [0x0000000080000000,0x0000000080ebaa18,0x0000000083a80000)
 Metaspace       used 34695K, capacity 35538K, committed 35752K, reserved 1081344K
  class space    used 4873K, capacity 5100K, committed 5120K, reserved 1048576K
GC Heap History (10 events):
Event: 3.799 GC heap before
{Heap before GC invocations=7 (full 1):
 PSYoungGen      total 76288K, used 7954K [0x00000000d5580000, 0x00000000dab80000, 0x0000000100000000)
  eden space 66048K, 0% used [0x00000000d5580000,0x00000000d5580000,0x00000000d9600000)
  from space 10240K, 77% used [0x00000000da080000,0x00000000da844948,0x00000000daa80000)
  to   space 10752K, 0% used [0x00000000d9600000,0x00000000d9600000,0x00000000da080000)
 ParOldGen       total 87552K, used 7713K [0x0000000080000000, 0x0000000085580000, 0x00000000d5580000)
  object space 87552K, 8% used [0x0000000080000000,0x0000000080788440,0x0000000085580000)
 Metaspace       used 20540K, capacity 21192K, committed 21296K, reserved 1069056K
  class space    used 2952K, capacity 3180K, committed 3200K, reserved 1048576K
Event: 3.836 GC heap after
Heap after GC invocations=7 (full 1):
 PSYoungGen      total 76288K, used 0K [0x00000000d5580000, 0x00000000dab80000, 0x0000000100000000)
  eden space 66048K, 0% used [0x00000000d5580000,0x00000000d5580000,0x00000000d9600000)
  from space 10240K, 0% used [0x00000000da080000,0x00000000da080000,0x00000000daa80000)
  to   space 10752K, 0% used [0x00000000d9600000,0x00000000d9600000,0x00000000da080000)
 ParOldGen       total 59904K, used 9540K [0x0000000080000000, 0x0000000083a80000, 0x00000000d5580000)
  object space 59904K, 15% used [0x0000000080000000,0x00000000809513e0,0x0000000083a80000)
 Metaspace       used 20540K, capacity 21192K, committed 21296K, reserved 1069056K
  class space    used 2952K, capacity 3180K, committed 3200K, reserved 1048576K
}
Event: 4.622 GC heap before
{Heap before GC invocations=8 (full 1):
 PSYoungGen      total 76288K, used 65997K [0x00000000d5580000, 0x00000000dab80000, 0x0000000100000000)
  eden space 66048K, 99% used [0x00000000d5580000,0x00000000d95f3528,0x00000000d9600000)
  from space 10240K, 0% used [0x00000000da080000,0x00000000da080000,0x00000000daa80000)
  to   space 10752K, 0% used [0x00000000d9600000,0x00000000d9600000,0x00000000da080000)
 ParOldGen       total 59904K, used 9540K [0x0000000080000000, 0x0000000083a80000, 0x00000000d5580000)
  object space 59904K, 15% used [0x0000000080000000,0x00000000809513e0,0x0000000083a80000)
 Metaspace       used 28318K, capacity 28944K, committed 29312K, reserved 1075200K
  class space    used 4004K, capacity 4223K, committed 4224K, reserved 1048576K
Event: 4.631 GC heap after
Heap after GC invocations=8 (full 1):
 PSYoungGen      total 76800K, used 8638K [0x00000000d5580000, 0x00000000dab80000, 0x0000000100000000)
  eden space 66048K, 0% used [0x00000000d5580000,0x00000000d5580000,0x00000000d9600000)
  from space 10752K, 80% used [0x00000000d9600000,0x00000000d9e6f970,0x00000000da080000)
  to   space 10240K, 0% used [0x00000000da080000,0x00000000da080000,0x00000000daa80000)
 ParOldGen       total 59904K, used 9548K [0x0000000080000000, 0x0000000083a80000, 0x00000000d5580000)
  object space 59904K, 15% used [0x0000000080000000,0x00000000809533e0,0x0000000083a80000)
 Metaspace       used 28318K, capacity 28944K, committed 29312K, reserved 1075200K
  class space    used 4004K, capacity 4223K, committed 4224K, reserved 1048576K
}
Event: 5.287 GC heap before
{Heap before GC invocations=9 (full 1):
 PSYoungGen      total 76800K, used 74686K [0x00000000d5580000, 0x00000000dab80000, 0x0000000100000000)
  eden space 66048K, 100% used [0x00000000d5580000,0x00000000d9600000,0x00000000d9600000)
  from space 10752K, 80% used [0x00000000d9600000,0x00000000d9e6f970,0x00000000da080000)
  to   space 10240K, 0% used [0x00000000da080000,0x00000000da080000,0x00000000daa80000)
 ParOldGen       total 59904K, used 9548K [0x0000000080000000, 0x0000000083a80000, 0x00000000d5580000)
  object space 59904K, 15% used [0x0000000080000000,0x00000000809533e0,0x0000000083a80000)
 Metaspace       used 32482K, capacity 33216K, committed 33536K, reserved 1079296K
  class space    used 4542K, capacity 4769K, committed 4864K, reserved 1048576K
Event: 5.296 GC heap after
Heap after GC invocations=9 (full 1):
 PSYoungGen      total 76288K, used 8676K [0x00000000d5580000, 0x00000000dab80000, 0x0000000100000000)
  eden space 66048K, 0% used [0x00000000d5580000,0x00000000d5580000,0x00000000d9600000)
  from space 10240K, 84% used [0x00000000da080000,0x00000000da8f91e0,0x00000000daa80000)
  to   space 10752K, 0% used [0x00000000d9600000,0x00000000d9600000,0x00000000da080000)
 ParOldGen       total 59904K, used 9556K [0x0000000080000000, 0x0000000083a80000, 0x00000000d5580000)
  object space 59904K, 15% used [0x0000000080000000,0x00000000809553e0,0x0000000083a80000)
 Metaspace       used 32482K, capacity 33216K, committed 33536K, reserved 1079296K
  class space    used 4542K, capacity 4769K, committed 4864K, reserved 1048576K
}
Event: 5.694 GC heap before
{Heap before GC invocations=10 (full 1):
 PSYoungGen      total 76288K, used 50196K [0x00000000d5580000, 0x00000000dab80000, 0x0000000100000000)
  eden space 66048K, 62% used [0x00000000d5580000,0x00000000d7e0bf80,0x00000000d9600000)
  from space 10240K, 84% used [0x00000000da080000,0x00000000da8f91e0,0x00000000daa80000)
  to   space 10752K, 0% used [0x00000000d9600000,0x00000000d9600000,0x00000000da080000)
 ParOldGen       total 59904K, used 9556K [0x0000000080000000, 0x0000000083a80000, 0x00000000d5580000)
  object space 59904K, 15% used [0x0000000080000000,0x00000000809553e0,0x0000000083a80000)
 Metaspace       used 34584K, capacity 35362K, committed 35496K, reserved 1081344K
  class space    used 4853K, capacity 5066K, committed 5120K, reserved 1048576K
Event: 5.701 GC heap after
Heap after GC invocations=10 (full 1):
 PSYoungGen      total 76800K, used 8644K [0x00000000d5580000, 0x00000000dc480000, 0x0000000100000000)
  eden space 66048K, 0% used [0x00000000d5580000,0x00000000d5580000,0x00000000d9600000)
  from space 10752K, 80% used [0x00000000d9600000,0x00000000d9e71198,0x00000000da080000)
  to   space 11776K, 0% used [0x00000000db900000,0x00000000db900000,0x00000000dc480000)
 ParOldGen       total 59904K, used 9564K [0x0000000080000000, 0x0000000083a80000, 0x00000000d5580000)
  object space 59904K, 15% used [0x0000000080000000,0x00000000809573e0,0x0000000083a80000)
 Metaspace       used 34584K, capacity 35362K, committed 35496K, reserved 1081344K
  class space    used 4853K, capacity 5066K, committed 5120K, reserved 1048576K
}
Event: 5.701 GC heap before
{Heap before GC invocations=11 (full 2):
 PSYoungGen      total 76800K, used 8644K [0x00000000d5580000, 0x00000000dc480000, 0x0000000100000000)
  eden space 66048K, 0% used [0x00000000d5580000,0x00000000d5580000,0x00000000d9600000)
  from space 10752K, 80% used [0x00000000d9600000,0x00000000d9e71198,0x00000000da080000)
  to   space 11776K, 0% used [0x00000000db900000,0x00000000db900000,0x00000000dc480000)
 ParOldGen       total 59904K, used 9564K [0x0000000080000000, 0x0000000083a80000, 0x00000000d5580000)
  object space 59904K, 15% used [0x0000000080000000,0x00000000809573e0,0x0000000083a80000)
 Metaspace       used 34584K, capacity 35362K, committed 35496K, reserved 1081344K
  class space    used 4853K, capacity 5066K, committed 5120K, reserved 1048576K
Event: 5.788 GC heap after
Heap after GC invocations=11 (full 2):
 PSYoungGen      total 76800K, used 0K [0x00000000d5580000, 0x00000000dc480000, 0x0000000100000000)
  eden space 66048K, 0% used [0x00000000d5580000,0x00000000d5580000,0x00000000d9600000)
  from space 10752K, 0% used [0x00000000d9600000,0x00000000d9600000,0x00000000da080000)
  to   space 11776K, 0% used [0x00000000db900000,0x00000000db900000,0x00000000dc480000)
 ParOldGen       total 59904K, used 15082K [0x0000000080000000, 0x0000000083a80000, 0x00000000d5580000)
  object space 59904K, 25% used [0x0000000080000000,0x0000000080ebaa18,0x0000000083a80000)
 Metaspace       used 34584K, capacity 35362K, committed 35496K, reserved 1081344K
  class space    used 4853K, capacity 5066K, committed 5120K, reserved 1048576K
}

